[Wed Mar 18 17:31:07 CST 2026] ⚠️  警告: 未找到规则映射: 智能分层存储
[Wed Mar 18 17:31:07 CST 2026] ⚠️  警告: 未找到规则映射: 智能遗忘机制
[Wed Mar 18 17:31:07 CST 2026] ⚠️  警告: 未找到规则映射: 智能压缩技术
[Wed Mar 18 17:31:07 CST 2026] ⚠️  警告: 未找到规则映射: 智能检索优化
[Wed Mar 18 17:31:07 CST 2026] ⚠️  警告: 未找到规则映射: 选择性进化机制
[Wed Mar 18 17:31:07 CST 2026] ⚠️  警告: 未找到规则映射: 轻量化压缩技术
[Wed Mar 18 17:31:07 CST 2026] ⚠️  警告: 未找到规则映射: 知识价值优化
[Wed Mar 18 17:31:07 CST 2026] ⚠️  警告: 未找到规则映射: 轻量化进化监控
[Wed Mar 18 17:31:07 CST 2026] ⚠️  警告: 未找到规则映射: 四层执行控制结构
[Wed Mar 18 17:31:07 CST 2026] ⚠️  警告: 未找到规则映射: 规则映射系统
[Wed Mar 18 17:31:07 CST 2026] ⚠️  警告: 未找到规则映射: 质量控制机制
[Wed Mar 18 17:31:07 CST 2026] ⚠️  警告: 未找到规则映射: 持续改进循环
[Wed Mar 18 17:31:24 CST 2026] ⚠️  警告: 未找到规则映射: 智能分层存储
[Wed Mar 18 17:31:24 CST 2026] ⚠️  警告: 未找到规则映射: 智能遗忘机制
[Wed Mar 18 17:31:24 CST 2026] ⚠️  警告: 未找到规则映射: 智能压缩技术
[Wed Mar 18 17:31:24 CST 2026] ⚠️  警告: 未找到规则映射: 智能检索优化
[Wed Mar 18 17:31:24 CST 2026] ⚠️  警告: 未找到规则映射: 选择性进化机制
[Wed Mar 18 17:31:24 CST 2026] ⚠️  警告: 未找到规则映射: 轻量化压缩技术
[Wed Mar 18 17:31:24 CST 2026] ⚠️  警告: 未找到规则映射: 知识价值优化
[Wed Mar 18 17:31:24 CST 2026] ⚠️  警告: 未找到规则映射: 轻量化进化监控
[Wed Mar 18 17:31:24 CST 2026] ⚠️  警告: 未找到规则映射: 四层执行控制结构
[Wed Mar 18 17:31:24 CST 2026] ⚠️  警告: 未找到规则映射: 规则映射系统
[Wed Mar 18 17:31:24 CST 2026] ⚠️  警告: 未找到规则映射: 质量控制机制
[Wed Mar 18 17:31:24 CST 2026] ⚠️  警告: 未找到规则映射: 持续改进循环
