[Wed Mar 18 17:31:07 CST 2026] 启动执行控制系统
[Wed Mar 18 17:31:07 CST 2026] 🎯 灵犀执行控制系统启动
[Wed Mar 18 17:31:07 CST 2026] 📋 开始执行所有规则映射
[Wed Mar 18 17:31:07 CST 2026] 创建规则映射表
[Wed Mar 18 17:31:07 CST 2026] 规则映射表创建完成
[Wed Mar 18 17:31:07 CST 2026] 执行TOKEN_OPTIMIZATION.md规则
[Wed Mar 18 17:31:07 CST 2026] 执行规则映射: 智能分层存储 (上下文: TOKEN_OPTIMIZATION.md)
[Wed Mar 18 17:31:07 CST 2026] ⚠️  警告: 未找到规则映射: 智能分层存储
[Wed Mar 18 17:31:07 CST 2026] 执行规则映射: 智能遗忘机制 (上下文: TOKEN_OPTIMIZATION.md)
[Wed Mar 18 17:31:07 CST 2026] ⚠️  警告: 未找到规则映射: 智能遗忘机制
[Wed Mar 18 17:31:07 CST 2026] 执行规则映射: 智能压缩技术 (上下文: TOKEN_OPTIMIZATION.md)
[Wed Mar 18 17:31:07 CST 2026] ⚠️  警告: 未找到规则映射: 智能压缩技术
[Wed Mar 18 17:31:07 CST 2026] 执行规则映射: 智能检索优化 (上下文: TOKEN_OPTIMIZATION.md)
[Wed Mar 18 17:31:07 CST 2026] ⚠️  警告: 未找到规则映射: 智能检索优化
[Wed Mar 18 17:31:07 CST 2026] 执行LIGHTWEIGHT_EVOLUTION.md规则
[Wed Mar 18 17:31:07 CST 2026] 执行规则映射: 选择性进化机制 (上下文: LIGHTWEIGHT_EVOLUTION.md)
[Wed Mar 18 17:31:07 CST 2026] ⚠️  警告: 未找到规则映射: 选择性进化机制
[Wed Mar 18 17:31:07 CST 2026] 执行规则映射: 轻量化压缩技术 (上下文: LIGHTWEIGHT_EVOLUTION.md)
[Wed Mar 18 17:31:07 CST 2026] ⚠️  警告: 未找到规则映射: 轻量化压缩技术
[Wed Mar 18 17:31:07 CST 2026] 执行规则映射: 知识价值优化 (上下文: LIGHTWEIGHT_EVOLUTION.md)
[Wed Mar 18 17:31:07 CST 2026] ⚠️  警告: 未找到规则映射: 知识价值优化
[Wed Mar 18 17:31:07 CST 2026] 执行规则映射: 轻量化进化监控 (上下文: LIGHTWEIGHT_EVOLUTION.md)
[Wed Mar 18 17:31:07 CST 2026] ⚠️  警告: 未找到规则映射: 轻量化进化监控
[Wed Mar 18 17:31:07 CST 2026] 执行EXECUTION_CONTROL.md规则
[Wed Mar 18 17:31:07 CST 2026] 执行规则映射: 四层执行控制结构 (上下文: EXECUTION_CONTROL.md)
[Wed Mar 18 17:31:07 CST 2026] ⚠️  警告: 未找到规则映射: 四层执行控制结构
[Wed Mar 18 17:31:07 CST 2026] 执行规则映射: 规则映射系统 (上下文: EXECUTION_CONTROL.md)
[Wed Mar 18 17:31:07 CST 2026] ⚠️  警告: 未找到规则映射: 规则映射系统
[Wed Mar 18 17:31:07 CST 2026] 执行规则映射: 质量控制机制 (上下文: EXECUTION_CONTROL.md)
[Wed Mar 18 17:31:07 CST 2026] ⚠️  警告: 未找到规则映射: 质量控制机制
[Wed Mar 18 17:31:07 CST 2026] 执行规则映射: 持续改进循环 (上下文: EXECUTION_CONTROL.md)
[Wed Mar 18 17:31:07 CST 2026] ⚠️  警告: 未找到规则映射: 持续改进循环
[Wed Mar 18 17:31:07 CST 2026] ✅ 执行控制系统完成
[Wed Mar 18 17:31:07 CST 2026] 📊 执行统计: 规则映射完成
[Wed Mar 18 17:31:07 CST 2026] 🎯 执行控制系统完成
[Wed Mar 18 17:31:24 CST 2026] 启动执行控制系统
[Wed Mar 18 17:31:24 CST 2026] 🎯 灵犀执行控制系统启动
[Wed Mar 18 17:31:24 CST 2026] 📋 开始执行所有规则映射
[Wed Mar 18 17:31:24 CST 2026] 创建规则映射表
[Wed Mar 18 17:31:24 CST 2026] 规则映射表创建完成
[Wed Mar 18 17:31:24 CST 2026] 执行TOKEN_OPTIMIZATION.md规则
[Wed Mar 18 17:31:24 CST 2026] 执行规则映射: 智能分层存储 (上下文: TOKEN_OPTIMIZATION.md)
[Wed Mar 18 17:31:24 CST 2026] ⚠️  警告: 未找到规则映射: 智能分层存储
[Wed Mar 18 17:31:24 CST 2026] 执行规则映射: 智能遗忘机制 (上下文: TOKEN_OPTIMIZATION.md)
[Wed Mar 18 17:31:24 CST 2026] ⚠️  警告: 未找到规则映射: 智能遗忘机制
[Wed Mar 18 17:31:24 CST 2026] 执行规则映射: 智能压缩技术 (上下文: TOKEN_OPTIMIZATION.md)
[Wed Mar 18 17:31:24 CST 2026] ⚠️  警告: 未找到规则映射: 智能压缩技术
[Wed Mar 18 17:31:24 CST 2026] 执行规则映射: 智能检索优化 (上下文: TOKEN_OPTIMIZATION.md)
[Wed Mar 18 17:31:24 CST 2026] ⚠️  警告: 未找到规则映射: 智能检索优化
[Wed Mar 18 17:31:24 CST 2026] 执行LIGHTWEIGHT_EVOLUTION.md规则
[Wed Mar 18 17:31:24 CST 2026] 执行规则映射: 选择性进化机制 (上下文: LIGHTWEIGHT_EVOLUTION.md)
[Wed Mar 18 17:31:24 CST 2026] ⚠️  警告: 未找到规则映射: 选择性进化机制
[Wed Mar 18 17:31:24 CST 2026] 执行规则映射: 轻量化压缩技术 (上下文: LIGHTWEIGHT_EVOLUTION.md)
[Wed Mar 18 17:31:24 CST 2026] ⚠️  警告: 未找到规则映射: 轻量化压缩技术
[Wed Mar 18 17:31:24 CST 2026] 执行规则映射: 知识价值优化 (上下文: LIGHTWEIGHT_EVOLUTION.md)
[Wed Mar 18 17:31:24 CST 2026] ⚠️  警告: 未找到规则映射: 知识价值优化
[Wed Mar 18 17:31:24 CST 2026] 执行规则映射: 轻量化进化监控 (上下文: LIGHTWEIGHT_EVOLUTION.md)
[Wed Mar 18 17:31:24 CST 2026] ⚠️  警告: 未找到规则映射: 轻量化进化监控
[Wed Mar 18 17:31:24 CST 2026] 执行EXECUTION_CONTROL.md规则
[Wed Mar 18 17:31:24 CST 2026] 执行规则映射: 四层执行控制结构 (上下文: EXECUTION_CONTROL.md)
[Wed Mar 18 17:31:24 CST 2026] ⚠️  警告: 未找到规则映射: 四层执行控制结构
[Wed Mar 18 17:31:24 CST 2026] 执行规则映射: 规则映射系统 (上下文: EXECUTION_CONTROL.md)
[Wed Mar 18 17:31:24 CST 2026] ⚠️  警告: 未找到规则映射: 规则映射系统
[Wed Mar 18 17:31:24 CST 2026] 执行规则映射: 质量控制机制 (上下文: EXECUTION_CONTROL.md)
[Wed Mar 18 17:31:24 CST 2026] ⚠️  警告: 未找到规则映射: 质量控制机制
[Wed Mar 18 17:31:24 CST 2026] 执行规则映射: 持续改进循环 (上下文: EXECUTION_CONTROL.md)
[Wed Mar 18 17:31:24 CST 2026] ⚠️  警告: 未找到规则映射: 持续改进循环
[Wed Mar 18 17:31:24 CST 2026] ✅ 执行控制系统完成
[Wed Mar 18 17:31:24 CST 2026] 📊 执行统计: 规则映射完成
[Wed Mar 18 17:31:24 CST 2026] 🎯 执行控制系统完成
[Wed Mar 18 17:31:50 CST 2026] 启动执行控制测试系统
[Wed Mar 18 17:31:50 CST 2026] 开始运行所有测试
[Wed Mar 18 17:31:50 CST 2026] 开始测试规则映射
[Wed Mar 18 17:31:50 CST 2026] 测试规则映射: 智能分层存储
[Wed Mar 18 17:31:50 CST 2026] ❌ 规则映射失败: 智能分层存储
[Wed Mar 18 17:31:50 CST 2026] 测试规则映射: 智能遗忘机制
[Wed Mar 18 17:31:50 CST 2026] ❌ 规则映射失败: 智能遗忘机制
[Wed Mar 18 17:31:50 CST 2026] 测试规则映射: 智能压缩技术
[Wed Mar 18 17:31:50 CST 2026] ❌ 规则映射失败: 智能压缩技术
[Wed Mar 18 17:31:50 CST 2026] 测试规则映射: 智能检索优化
[Wed Mar 18 17:31:50 CST 2026] ❌ 规则映射失败: 智能检索优化
[Wed Mar 18 17:31:50 CST 2026] 测试规则映射: 选择性进化机制
[Wed Mar 18 17:31:50 CST 2026] ❌ 规则映射失败: 选择性进化机制
[Wed Mar 18 17:31:50 CST 2026] 测试规则映射: 轻量化压缩技术
[Wed Mar 18 17:31:50 CST 2026] ❌ 规则映射失败: 轻量化压缩技术
[Wed Mar 18 17:31:50 CST 2026] 测试规则映射: 知识价值优化
[Wed Mar 18 17:31:50 CST 2026] ❌ 规则映射失败: 知识价值优化
[Wed Mar 18 17:31:50 CST 2026] 测试规则映射: 轻量化进化监控
[Wed Mar 18 17:31:50 CST 2026] ❌ 规则映射失败: 轻量化进化监控
[Wed Mar 18 17:31:50 CST 2026] 测试基础执行动作
[Wed Mar 18 17:31:50 CST 2026] 模拟执行动作: createLayeredStorage
[Wed Mar 18 17:31:51 CST 2026] ✅ 动作执行完成: createLayeredStorage
[Wed Mar 18 17:31:51 CST 2026] 模拟执行动作: implementSmartForgetfulness
[Wed Mar 18 17:31:52 CST 2026] ✅ 动作执行完成: implementSmartForgetfulness
[Wed Mar 18 17:31:52 CST 2026] 模拟执行动作: deploySmartCompression
[Wed Mar 18 17:31:53 CST 2026] ✅ 动作执行完成: deploySmartCompression
[Wed Mar 18 17:31:53 CST 2026] ✅ 所有测试完成
[Wed Mar 18 17:31:53 CST 2026] 🧪 执行控制测试系统运行完成
