[2026-03-23 11:18:06] === 股票监控启动 ===
[2026-03-23 11:18:06]   金现代(sz300830) 成本=13.866
[2026-03-23 11:18:06]   金风科技(sz002202) 成本=30.17
[2026-03-23 11:18:06]   钧达股份(sz002865) 成本=84.77
[2026-03-23 11:18:06] 初始数据: {'sz300830': {'name': '金现代', 'cur': 10.78, 'chg': -2.531645569620263, 'pnl': -22.255877686427233, 'cost': 13.866}, 'sz002202': {'name': '金风科技', 'cur': 28.49, 'chg': -2.4315068493150713, 'pnl': -5.568445475638061, 'cost': 30.17}, 'sz002865': {'name': '钧达股份', 'cur': 81.65, 'chg': -3.6805473634540413, 'pnl': -3.6805473634540413, 'cost': 84.77}, 'sh000001': {'name': '上证指数', 'cur': 3870.3, 'chg': -2.192289710769386, 'pnl': None, 'cost': None}}
[2026-03-23 11:20:06] ⚠️ 触发告警: ['金现代涨跌 -2.89%，超过2%阈值', '金现代已跌破成本价5%，当前亏损 -22.54%，逼近成本线！', '金风科技涨跌 -2.47%，超过2%阈值', '金风科技已跌破成本价5%，当前亏损 -5.60%，逼近成本线！', '钧达股份涨跌 -3.75%，超过2%阈值', '大盘下跌 -2.31%，超过1%阈值']
[2026-03-23 11:22:06] ⚠️ 触发告警: ['金现代涨跌 -2.62%，超过2%阈值', '金现代已跌破成本价5%，当前亏损 -22.33%，逼近成本线！', '金风科技涨跌 -2.47%，超过2%阈值', '金风科技已跌破成本价5%，当前亏损 -5.60%，逼近成本线！', '钧达股份涨跌 -3.87%，超过2%阈值', '大盘下跌 -2.22%，超过1%阈值']
[2026-03-23 11:24:06] ⚠️ 触发告警: ['金现代涨跌 -2.89%，超过2%阈值', '金现代已跌破成本价5%，当前亏损 -22.54%，逼近成本线！', '金风科技涨跌 -2.53%，超过2%阈值', '金风科技已跌破成本价5%，当前亏损 -5.67%，逼近成本线！', '钧达股份涨跌 -4.07%，超过2%阈值', '大盘下跌 -2.33%，超过1%阈值']
[2026-03-23 11:26:07] ⚠️ 触发告警: ['金现代涨跌 -2.89%，超过2%阈值', '金现代已跌破成本价5%，当前亏损 -22.54%，逼近成本线！', '金风科技涨跌 -2.50%，超过2%阈值', '金风科技已跌破成本价5%，当前亏损 -5.63%，逼近成本线！', '钧达股份涨跌 -3.65%，超过2%阈值', '大盘下跌 -2.35%，超过1%阈值']
[2026-03-23 11:28:07] ⚠️ 触发告警: ['金现代涨跌 -2.98%，超过2%阈值', '金现代已跌破成本价5%，当前亏损 -22.62%，逼近成本线！', '金风科技涨跌 -2.40%，超过2%阈值', '金风科技已跌破成本价5%，当前亏损 -5.54%，逼近成本线！', '钧达股份涨跌 -3.76%，超过2%阈值', '大盘下跌 -2.36%，超过1%阈值']
[2026-03-23 11:30:07] ⚠️ 触发告警: ['金现代涨跌 -3.35%，超过2%阈值', '金现代已跌破成本价5%，当前亏损 -22.90%，逼近成本线！', '金风科技涨跌 -2.47%，超过2%阈值', '金风科技已跌破成本价5%，当前亏损 -5.60%，逼近成本线！', '钧达股份涨跌 -3.85%，超过2%阈值', '大盘下跌 -2.50%，超过1%阈值']
[2026-03-23 11:32:08] ⚠️ 触发告警: ['金现代涨跌 -3.35%，超过2%阈值', '金现代已跌破成本价5%，当前亏损 -22.90%，逼近成本线！', '金风科技涨跌 -2.47%，超过2%阈值', '金风科技已跌破成本价5%，当前亏损 -5.60%，逼近成本线！', '钧达股份涨跌 -3.85%，超过2%阈值', '大盘下跌 -2.50%，超过1%阈值']
[2026-03-23 11:34:08] ⚠️ 触发告警: ['金现代涨跌 -3.35%，超过2%阈值', '金现代已跌破成本价5%，当前亏损 -22.90%，逼近成本线！', '金风科技涨跌 -2.47%，超过2%阈值', '金风科技已跌破成本价5%，当前亏损 -5.60%，逼近成本线！', '钧达股份涨跌 -3.85%，超过2%阈值', '大盘下跌 -2.50%，超过1%阈值']
[2026-03-23 11:36:08] ⚠️ 触发告警: ['金现代涨跌 -3.35%，超过2%阈值', '金现代已跌破成本价5%，当前亏损 -22.90%，逼近成本线！', '金风科技涨跌 -2.47%，超过2%阈值', '金风科技已跌破成本价5%，当前亏损 -5.60%，逼近成本线！', '钧达股份涨跌 -3.85%，超过2%阈值', '大盘下跌 -2.50%，超过1%阈值']
[2026-03-23 11:38:08] ⚠️ 触发告警: ['金现代涨跌 -3.35%，超过2%阈值', '金现代已跌破成本价5%，当前亏损 -22.90%，逼近成本线！', '金风科技涨跌 -2.47%，超过2%阈值', '金风科技已跌破成本价5%，当前亏损 -5.60%，逼近成本线！', '钧达股份涨跌 -3.85%，超过2%阈值', '大盘下跌 -2.50%，超过1%阈值']
[2026-03-23 11:40:11] ⚠️ 触发告警: ['金现代涨跌 -3.35%，超过2%阈值', '金现代已跌破成本价5%，当前亏损 -22.90%，逼近成本线！', '金风科技涨跌 -2.47%，超过2%阈值', '金风科技已跌破成本价5%，当前亏损 -5.60%，逼近成本线！', '钧达股份涨跌 -3.85%，超过2%阈值', '大盘下跌 -2.50%，超过1%阈值']
[2026-03-23 11:42:11] ⚠️ 触发告警: ['金现代涨跌 -3.35%，超过2%阈值', '金现代已跌破成本价5%，当前亏损 -22.90%，逼近成本线！', '金风科技涨跌 -2.47%，超过2%阈值', '金风科技已跌破成本价5%，当前亏损 -5.60%，逼近成本线！', '钧达股份涨跌 -3.85%，超过2%阈值', '大盘下跌 -2.50%，超过1%阈值']
[2026-03-23 11:44:12] ⚠️ 触发告警: ['金现代涨跌 -3.35%，超过2%阈值', '金现代已跌破成本价5%，当前亏损 -22.90%，逼近成本线！', '金风科技涨跌 -2.47%，超过2%阈值', '金风科技已跌破成本价5%，当前亏损 -5.60%，逼近成本线！', '钧达股份涨跌 -3.85%，超过2%阈值', '大盘下跌 -2.50%，超过1%阈值']
[2026-03-23 11:46:13] ⚠️ 触发告警: ['金现代涨跌 -3.35%，超过2%阈值', '金现代已跌破成本价5%，当前亏损 -22.90%，逼近成本线！', '金风科技涨跌 -2.47%，超过2%阈值', '金风科技已跌破成本价5%，当前亏损 -5.60%，逼近成本线！', '钧达股份涨跌 -3.85%，超过2%阈值', '大盘下跌 -2.50%，超过1%阈值']
[2026-03-23 11:48:14] ⚠️ 触发告警: ['金现代涨跌 -3.35%，超过2%阈值', '金现代已跌破成本价5%，当前亏损 -22.90%，逼近成本线！', '金风科技涨跌 -2.47%，超过2%阈值', '金风科技已跌破成本价5%，当前亏损 -5.60%，逼近成本线！', '钧达股份涨跌 -3.85%，超过2%阈值', '大盘下跌 -2.50%，超过1%阈值']
[2026-03-23 11:48:14] === 30分钟例行播报 ===
[2026-03-23 11:48:14] 📊 [11:48] 持仓快报
- 钧达股份：81.51 -3.85% | 盈亏-3.85%
- 金风科技：28.48 -2.47% | 盈亏-5.60%
- 金现代：10.69 -3.35% | 盈亏-22.90%
- 大盘：上证 3858.18 -2.50%
[2026-03-23 11:50:15] ⚠️ 触发告警: ['金现代涨跌 -3.35%，超过2%阈值', '金现代已跌破成本价5%，当前亏损 -22.90%，逼近成本线！', '金风科技涨跌 -2.47%，超过2%阈值', '金风科技已跌破成本价5%，当前亏损 -5.60%，逼近成本线！', '钧达股份涨跌 -3.85%，超过2%阈值', '大盘下跌 -2.50%，超过1%阈值']
[2026-03-23 11:52:16] ⚠️ 触发告警: ['金现代涨跌 -3.35%，超过2%阈值', '金现代已跌破成本价5%，当前亏损 -22.90%，逼近成本线！', '金风科技涨跌 -2.47%，超过2%阈值', '金风科技已跌破成本价5%，当前亏损 -5.60%，逼近成本线！', '钧达股份涨跌 -3.85%，超过2%阈值', '大盘下跌 -2.50%，超过1%阈值']
[2026-03-23 11:54:26] 数据获取失败，重试...
[2026-03-23 11:56:26] ⚠️ 触发告警: ['金现代涨跌 -3.35%，超过2%阈值', '金现代已跌破成本价5%，当前亏损 -22.90%，逼近成本线！', '金风科技涨跌 -2.47%，超过2%阈值', '金风科技已跌破成本价5%，当前亏损 -5.60%，逼近成本线！', '钧达股份涨跌 -3.85%，超过2%阈值', '大盘下跌 -2.50%，超过1%阈值']
[2026-03-23 11:58:26] ⚠️ 触发告警: ['金现代涨跌 -3.35%，超过2%阈值', '金现代已跌破成本价5%，当前亏损 -22.90%，逼近成本线！', '金风科技涨跌 -2.47%，超过2%阈值', '金风科技已跌破成本价5%，当前亏损 -5.60%，逼近成本线！', '钧达股份涨跌 -3.85%，超过2%阈值', '大盘下跌 -2.50%，超过1%阈值']
[2026-03-23 12:00:27] ⚠️ 触发告警: ['金现代涨跌 -3.35%，超过2%阈值', '金现代已跌破成本价5%，当前亏损 -22.90%，逼近成本线！', '金风科技涨跌 -2.47%，超过2%阈值', '金风科技已跌破成本价5%，当前亏损 -5.60%，逼近成本线！', '钧达股份涨跌 -3.85%，超过2%阈值', '大盘下跌 -2.50%，超过1%阈值']
[2026-03-23 12:02:27] ⚠️ 触发告警: ['金现代涨跌 -3.35%，超过2%阈值', '金现代已跌破成本价5%，当前亏损 -22.90%，逼近成本线！', '金风科技涨跌 -2.47%，超过2%阈值', '金风科技已跌破成本价5%，当前亏损 -5.60%，逼近成本线！', '钧达股份涨跌 -3.85%，超过2%阈值', '大盘下跌 -2.50%，超过1%阈值']
[2026-03-23 12:04:27] ⚠️ 触发告警: ['金现代涨跌 -3.35%，超过2%阈值', '金现代已跌破成本价5%，当前亏损 -22.90%，逼近成本线！', '金风科技涨跌 -2.47%，超过2%阈值', '金风科技已跌破成本价5%，当前亏损 -5.60%，逼近成本线！', '钧达股份涨跌 -3.85%，超过2%阈值', '大盘下跌 -2.50%，超过1%阈值']
[2026-03-23 12:06:27] ⚠️ 触发告警: ['金现代涨跌 -3.35%，超过2%阈值', '金现代已跌破成本价5%，当前亏损 -22.90%，逼近成本线！', '金风科技涨跌 -2.47%，超过2%阈值', '金风科技已跌破成本价5%，当前亏损 -5.60%，逼近成本线！', '钧达股份涨跌 -3.85%，超过2%阈值', '大盘下跌 -2.50%，超过1%阈值']
[2026-03-23 12:08:28] ⚠️ 触发告警: ['金现代涨跌 -3.35%，超过2%阈值', '金现代已跌破成本价5%，当前亏损 -22.90%，逼近成本线！', '金风科技涨跌 -2.47%，超过2%阈值', '金风科技已跌破成本价5%，当前亏损 -5.60%，逼近成本线！', '钧达股份涨跌 -3.85%，超过2%阈值', '大盘下跌 -2.50%，超过1%阈值']
[2026-03-23 12:10:31] ⚠️ 触发告警: ['金现代涨跌 -3.35%，超过2%阈值', '金现代已跌破成本价5%，当前亏损 -22.90%，逼近成本线！', '金风科技涨跌 -2.47%，超过2%阈值', '金风科技已跌破成本价5%，当前亏损 -5.60%，逼近成本线！', '钧达股份涨跌 -3.85%，超过2%阈值', '大盘下跌 -2.50%，超过1%阈值']
[2026-03-23 12:12:31] ⚠️ 触发告警: ['金现代涨跌 -3.35%，超过2%阈值', '金现代已跌破成本价5%，当前亏损 -22.90%，逼近成本线！', '金风科技涨跌 -2.47%，超过2%阈值', '金风科技已跌破成本价5%，当前亏损 -5.60%，逼近成本线！', '钧达股份涨跌 -3.85%，超过2%阈值', '大盘下跌 -2.50%，超过1%阈值']
[2026-03-23 12:14:32] ⚠️ 触发告警: ['金现代涨跌 -3.35%，超过2%阈值', '金现代已跌破成本价5%，当前亏损 -22.90%，逼近成本线！', '金风科技涨跌 -2.47%，超过2%阈值', '金风科技已跌破成本价5%，当前亏损 -5.60%，逼近成本线！', '钧达股份涨跌 -3.85%，超过2%阈值', '大盘下跌 -2.50%，超过1%阈值']
[2026-03-23 12:16:32] ⚠️ 触发告警: ['金现代涨跌 -3.35%，超过2%阈值', '金现代已跌破成本价5%，当前亏损 -22.90%，逼近成本线！', '金风科技涨跌 -2.47%，超过2%阈值', '金风科技已跌破成本价5%，当前亏损 -5.60%，逼近成本线！', '钧达股份涨跌 -3.85%，超过2%阈值', '大盘下跌 -2.50%，超过1%阈值']
[2026-03-23 12:18:32] ⚠️ 触发告警: ['金现代涨跌 -3.35%，超过2%阈值', '金现代已跌破成本价5%，当前亏损 -22.90%，逼近成本线！', '金风科技涨跌 -2.47%，超过2%阈值', '金风科技已跌破成本价5%，当前亏损 -5.60%，逼近成本线！', '钧达股份涨跌 -3.85%，超过2%阈值', '大盘下跌 -2.50%，超过1%阈值']
[2026-03-23 12:18:32] === 30分钟例行播报 ===
[2026-03-23 12:18:32] 📊 [12:18] 持仓快报
- 钧达股份：81.51 -3.85% | 盈亏-3.85%
- 金风科技：28.48 -2.47% | 盈亏-5.60%
- 金现代：10.69 -3.35% | 盈亏-22.90%
- 大盘：上证 3858.18 -2.50%
[2026-03-23 12:20:34] ⚠️ 触发告警: ['金现代涨跌 -3.35%，超过2%阈值', '金现代已跌破成本价5%，当前亏损 -22.90%，逼近成本线！', '金风科技涨跌 -2.47%，超过2%阈值', '金风科技已跌破成本价5%，当前亏损 -5.60%，逼近成本线！', '钧达股份涨跌 -3.85%，超过2%阈值', '大盘下跌 -2.50%，超过1%阈值']
[2026-03-23 12:22:34] ⚠️ 触发告警: ['金现代涨跌 -3.35%，超过2%阈值', '金现代已跌破成本价5%，当前亏损 -22.90%，逼近成本线！', '金风科技涨跌 -2.47%，超过2%阈值', '金风科技已跌破成本价5%，当前亏损 -5.60%，逼近成本线！', '钧达股份涨跌 -3.85%，超过2%阈值', '大盘下跌 -2.50%，超过1%阈值']
[2026-03-23 12:24:34] ⚠️ 触发告警: ['金现代涨跌 -3.35%，超过2%阈值', '金现代已跌破成本价5%，当前亏损 -22.90%，逼近成本线！', '金风科技涨跌 -2.47%，超过2%阈值', '金风科技已跌破成本价5%，当前亏损 -5.60%，逼近成本线！', '钧达股份涨跌 -3.85%，超过2%阈值', '大盘下跌 -2.50%，超过1%阈值']
[2026-03-23 12:26:34] ⚠️ 触发告警: ['金现代涨跌 -3.35%，超过2%阈值', '金现代已跌破成本价5%，当前亏损 -22.90%，逼近成本线！', '金风科技涨跌 -2.47%，超过2%阈值', '金风科技已跌破成本价5%，当前亏损 -5.60%，逼近成本线！', '钧达股份涨跌 -3.85%，超过2%阈值', '大盘下跌 -2.50%，超过1%阈值']
[2026-03-23 12:28:34] ⚠️ 触发告警: ['金现代涨跌 -3.35%，超过2%阈值', '金现代已跌破成本价5%，当前亏损 -22.90%，逼近成本线！', '金风科技涨跌 -2.47%，超过2%阈值', '金风科技已跌破成本价5%，当前亏损 -5.60%，逼近成本线！', '钧达股份涨跌 -3.85%，超过2%阈值', '大盘下跌 -2.50%，超过1%阈值']
[2026-03-23 12:30:35] ⚠️ 触发告警: ['金现代涨跌 -3.35%，超过2%阈值', '金现代已跌破成本价5%，当前亏损 -22.90%，逼近成本线！', '金风科技涨跌 -2.47%，超过2%阈值', '金风科技已跌破成本价5%，当前亏损 -5.60%，逼近成本线！', '钧达股份涨跌 -3.85%，超过2%阈值', '大盘下跌 -2.50%，超过1%阈值']
[2026-03-23 12:32:35] ⚠️ 触发告警: ['金现代涨跌 -3.35%，超过2%阈值', '金现代已跌破成本价5%，当前亏损 -22.90%，逼近成本线！', '金风科技涨跌 -2.47%，超过2%阈值', '金风科技已跌破成本价5%，当前亏损 -5.60%，逼近成本线！', '钧达股份涨跌 -3.85%，超过2%阈值', '大盘下跌 -2.50%，超过1%阈值']
[2026-03-23 12:34:35] ⚠️ 触发告警: ['金现代涨跌 -3.35%，超过2%阈值', '金现代已跌破成本价5%，当前亏损 -22.90%，逼近成本线！', '金风科技涨跌 -2.47%，超过2%阈值', '金风科技已跌破成本价5%，当前亏损 -5.60%，逼近成本线！', '钧达股份涨跌 -3.85%，超过2%阈值', '大盘下跌 -2.50%，超过1%阈值']
[2026-03-23 12:36:36] ⚠️ 触发告警: ['金现代涨跌 -3.35%，超过2%阈值', '金现代已跌破成本价5%，当前亏损 -22.90%，逼近成本线！', '金风科技涨跌 -2.47%，超过2%阈值', '金风科技已跌破成本价5%，当前亏损 -5.60%，逼近成本线！', '钧达股份涨跌 -3.85%，超过2%阈值', '大盘下跌 -2.50%，超过1%阈值']
[2026-03-23 12:38:36] ⚠️ 触发告警: ['金现代涨跌 -3.35%，超过2%阈值', '金现代已跌破成本价5%，当前亏损 -22.90%，逼近成本线！', '金风科技涨跌 -2.47%，超过2%阈值', '金风科技已跌破成本价5%，当前亏损 -5.60%，逼近成本线！', '钧达股份涨跌 -3.85%，超过2%阈值', '大盘下跌 -2.50%，超过1%阈值']
[2026-03-23 12:40:36] ⚠️ 触发告警: ['金现代涨跌 -3.35%，超过2%阈值', '金现代已跌破成本价5%，当前亏损 -22.90%，逼近成本线！', '金风科技涨跌 -2.47%，超过2%阈值', '金风科技已跌破成本价5%，当前亏损 -5.60%，逼近成本线！', '钧达股份涨跌 -3.85%，超过2%阈值', '大盘下跌 -2.50%，超过1%阈值']
[2026-03-23 12:42:36] ⚠️ 触发告警: ['金现代涨跌 -3.35%，超过2%阈值', '金现代已跌破成本价5%，当前亏损 -22.90%，逼近成本线！', '金风科技涨跌 -2.47%，超过2%阈值', '金风科技已跌破成本价5%，当前亏损 -5.60%，逼近成本线！', '钧达股份涨跌 -3.85%，超过2%阈值', '大盘下跌 -2.50%，超过1%阈值']
[2026-03-23 12:44:36] ⚠️ 触发告警: ['金现代涨跌 -3.35%，超过2%阈值', '金现代已跌破成本价5%，当前亏损 -22.90%，逼近成本线！', '金风科技涨跌 -2.47%，超过2%阈值', '金风科技已跌破成本价5%，当前亏损 -5.60%，逼近成本线！', '钧达股份涨跌 -3.85%，超过2%阈值', '大盘下跌 -2.50%，超过1%阈值']
[2026-03-23 12:46:46] 数据获取失败，重试...
[2026-03-23 12:48:46] ⚠️ 触发告警: ['金现代涨跌 -3.35%，超过2%阈值', '金现代已跌破成本价5%，当前亏损 -22.90%，逼近成本线！', '金风科技涨跌 -2.47%，超过2%阈值', '金风科技已跌破成本价5%，当前亏损 -5.60%，逼近成本线！', '钧达股份涨跌 -3.85%，超过2%阈值', '大盘下跌 -2.50%，超过1%阈值']
[2026-03-23 12:48:46] === 30分钟例行播报 ===
[2026-03-23 12:48:46] 📊 [12:48] 持仓快报
- 钧达股份：81.51 -3.85% | 盈亏-3.85%
- 金风科技：28.48 -2.47% | 盈亏-5.60%
- 金现代：10.69 -3.35% | 盈亏-22.90%
- 大盘：上证 3858.18 -2.50%
[2026-03-23 12:50:47] ⚠️ 触发告警: ['金现代涨跌 -3.35%，超过2%阈值', '金现代已跌破成本价5%，当前亏损 -22.90%，逼近成本线！', '金风科技涨跌 -2.47%，超过2%阈值', '金风科技已跌破成本价5%，当前亏损 -5.60%，逼近成本线！', '钧达股份涨跌 -3.85%，超过2%阈值', '大盘下跌 -2.50%，超过1%阈值']
[2026-03-23 12:52:47] ⚠️ 触发告警: ['金现代涨跌 -3.35%，超过2%阈值', '金现代已跌破成本价5%，当前亏损 -22.90%，逼近成本线！', '金风科技涨跌 -2.47%，超过2%阈值', '金风科技已跌破成本价5%，当前亏损 -5.60%，逼近成本线！', '钧达股份涨跌 -3.85%，超过2%阈值', '大盘下跌 -2.50%，超过1%阈值']
[2026-03-23 12:54:47] ⚠️ 触发告警: ['金现代涨跌 -3.35%，超过2%阈值', '金现代已跌破成本价5%，当前亏损 -22.90%，逼近成本线！', '金风科技涨跌 -2.47%，超过2%阈值', '金风科技已跌破成本价5%，当前亏损 -5.60%，逼近成本线！', '钧达股份涨跌 -3.85%，超过2%阈值', '大盘下跌 -2.50%，超过1%阈值']
[2026-03-23 12:56:47] ⚠️ 触发告警: ['金现代涨跌 -3.35%，超过2%阈值', '金现代已跌破成本价5%，当前亏损 -22.90%，逼近成本线！', '金风科技涨跌 -2.47%，超过2%阈值', '金风科技已跌破成本价5%，当前亏损 -5.60%，逼近成本线！', '钧达股份涨跌 -3.85%，超过2%阈值', '大盘下跌 -2.50%，超过1%阈值']
[2026-03-23 12:58:47] ⚠️ 触发告警: ['金现代涨跌 -3.35%，超过2%阈值', '金现代已跌破成本价5%，当前亏损 -22.90%，逼近成本线！', '金风科技涨跌 -2.47%，超过2%阈值', '金风科技已跌破成本价5%，当前亏损 -5.60%，逼近成本线！', '钧达股份涨跌 -3.85%，超过2%阈值', '大盘下跌 -2.50%，超过1%阈值']
[2026-03-23 13:00:57] 数据获取失败，重试...
[2026-03-23 13:02:57] ⚠️ 触发告警: ['金现代涨跌 -2.71%，超过2%阈值', '金现代已跌破成本价5%，当前亏损 -22.40%，逼近成本线！', '金风科技涨跌 -2.50%，超过2%阈值', '金风科技已跌破成本价5%，当前亏损 -5.63%，逼近成本线！', '钧达股份涨跌 -3.95%，超过2%阈值', '大盘下跌 -2.27%，超过1%阈值']
[2026-03-23 13:04:58] ⚠️ 触发告警: ['金现代涨跌 -2.80%，超过2%阈值', '金现代已跌破成本价5%，当前亏损 -22.47%，逼近成本线！', '金风科技涨跌 -2.64%，超过2%阈值', '金风科技已跌破成本价5%，当前亏损 -5.77%，逼近成本线！', '钧达股份涨跌 -4.13%，超过2%阈值', '大盘下跌 -2.25%，超过1%阈值']
[2026-03-23 13:06:58] ⚠️ 触发告警: ['金现代涨跌 -3.25%，超过2%阈值', '金现代已跌破成本价5%，当前亏损 -22.83%，逼近成本线！', '金风科技涨跌 -3.01%，超过2%阈值', '金风科技已跌破成本价5%，当前亏损 -6.13%，逼近成本线！', '钧达股份涨跌 -4.32%，超过2%阈值', '大盘下跌 -2.33%，超过1%阈值']
[2026-03-23 13:08:58] ⚠️ 触发告警: ['金现代涨跌 -3.71%，超过2%阈值', '金现代已跌破成本价5%，当前亏损 -23.19%，逼近成本线！', '金风科技涨跌 -3.49%，超过2%阈值', '金风科技已跌破成本价5%，当前亏损 -6.60%，逼近成本线！', '钧达股份涨跌 -4.68%，超过2%阈值', '大盘下跌 -2.42%，超过1%阈值']
[2026-03-23 13:10:58] ⚠️ 触发告警: ['金现代涨跌 -4.25%，超过2%阈值', '金现代已跌破成本价5%，当前亏损 -23.63%，逼近成本线！', '金风科技涨跌 -3.80%，超过2%阈值', '金风科技已跌破成本价5%，当前亏损 -6.89%，逼近成本线！', '钧达股份涨跌 -4.75%，超过2%阈值', '大盘下跌 -2.67%，超过1%阈值']
[2026-03-23 13:12:58] ⚠️ 触发告警: ['金现代涨跌 -4.16%，超过2%阈值', '金现代已跌破成本价5%，当前亏损 -23.55%，逼近成本线！', '金风科技涨跌 -3.53%，超过2%阈值', '金风科技已跌破成本价5%，当前亏损 -6.63%，逼近成本线！', '钧达股份涨跌 -4.44%，超过2%阈值', '大盘下跌 -2.64%，超过1%阈值']
[2026-03-23 13:14:58] ⚠️ 触发告警: ['金现代涨跌 -3.89%，超过2%阈值', '金现代已跌破成本价5%，当前亏损 -23.34%，逼近成本线！', '金风科技涨跌 -3.66%，超过2%阈值', '金风科技已跌破成本价5%，当前亏损 -6.76%，逼近成本线！', '钧达股份涨跌 -4.28%，超过2%阈值', '大盘下跌 -2.51%，超过1%阈值']
[2026-03-23 13:16:59] ⚠️ 触发告警: ['金现代涨跌 -4.34%，超过2%阈值', '金现代已跌破成本价5%，当前亏损 -23.70%，逼近成本线！', '金风科技涨跌 -4.08%，超过2%阈值', '金风科技已跌破成本价5%，当前亏损 -7.16%，逼近成本线！', '钧达股份涨跌 -3.87%，超过2%阈值', '大盘下跌 -2.64%，超过1%阈值']
[2026-03-23 13:18:59] ⚠️ 触发告警: ['金现代涨跌 -4.70%，超过2%阈值', '金现代已跌破成本价5%，当前亏损 -23.99%，逼近成本线！', '金风科技涨跌 -4.04%，超过2%阈值', '金风科技已跌破成本价5%，当前亏损 -7.13%，逼近成本线！', '钧达股份涨跌 -4.34%，超过2%阈值', '大盘下跌 -2.71%，超过1%阈值']
[2026-03-23 13:18:59] === 30分钟例行播报 ===
[2026-03-23 13:18:59] 📊 [13:18] 持仓快报
- 钧达股份：81.09 -4.34% | 盈亏-4.34%
- 金风科技：28.02 -4.04% | 盈亏-7.13%
- 金现代：10.54 -4.70% | 盈亏-23.99%
- 大盘：上证 3849.64 -2.71%
[2026-03-23 13:20:59] ⚠️ 触发告警: ['金现代涨跌 -4.97%，超过2%阈值', '金现代已跌破成本价5%，当前亏损 -24.20%，逼近成本线！', '金风科技涨跌 -4.45%，超过2%阈值', '金风科技已跌破成本价5%，当前亏损 -7.52%，逼近成本线！', '钧达股份涨跌 -4.57%，超过2%阈值', '大盘下跌 -2.88%，超过1%阈值']
[2026-03-23 13:23:01] ⚠️ 触发告警: ['金现代涨跌 -4.70%，超过2%阈值', '金现代已跌破成本价5%，当前亏损 -23.99%，逼近成本线！', '金风科技涨跌 -4.18%，超过2%阈值', '金风科技已跌破成本价5%，当前亏损 -7.26%，逼近成本线！', '钧达股份涨跌 -4.44%，超过2%阈值', '大盘下跌 -2.87%，超过1%阈值']
[2026-03-23 13:25:01] ⚠️ 触发告警: ['金现代涨跌 -4.97%，超过2%阈值', '金现代已跌破成本价5%，当前亏损 -24.20%，逼近成本线！', '金风科技涨跌 -3.66%，超过2%阈值', '金风科技已跌破成本价5%，当前亏损 -6.76%，逼近成本线！', '钧达股份涨跌 -4.55%，超过2%阈值', '大盘下跌 -2.96%，超过1%阈值']
[2026-03-23 13:27:08] ⚠️ 触发告警: ['金现代涨跌 -4.70%，超过2%阈值', '金现代已跌破成本价5%，当前亏损 -23.99%，逼近成本线！', '金风科技涨跌 -4.21%，超过2%阈值', '金风科技已跌破成本价5%，当前亏损 -7.29%，逼近成本线！', '钧达股份涨跌 -4.60%，超过2%阈值', '大盘下跌 -3.01%，超过1%阈值']
[2026-03-23 13:29:09] ⚠️ 触发告警: ['金现代涨跌 -4.88%，超过2%阈值', '金现代已跌破成本价5%，当前亏损 -24.13%，逼近成本线！', '金风科技涨跌 -4.21%，超过2%阈值', '金风科技已跌破成本价5%，当前亏损 -7.29%，逼近成本线！', '钧达股份涨跌 -4.72%，超过2%阈值', '大盘下跌 -3.11%，超过1%阈值']
[2026-03-23 13:31:09] ⚠️ 触发告警: ['金现代涨跌 -4.97%，超过2%阈值', '金现代已跌破成本价5%，当前亏损 -24.20%，逼近成本线！', '金风科技涨跌 -4.32%，超过2%阈值', '金风科技已跌破成本价5%，当前亏损 -7.39%，逼近成本线！', '钧达股份涨跌 -4.71%，超过2%阈值', '大盘下跌 -3.14%，超过1%阈值']
[2026-03-23 13:33:10] ⚠️ 触发告警: ['金现代涨跌 -5.15%，超过2%阈值', '金现代已跌破成本价5%，当前亏损 -24.35%，逼近成本线！', '金风科技涨跌 -4.21%，超过2%阈值', '金风科技已跌破成本价5%，当前亏损 -7.29%，逼近成本线！', '钧达股份涨跌 -4.78%，超过2%阈值', '大盘下跌 -3.21%，超过1%阈值']
[2026-03-23 13:35:10] ⚠️ 触发告警: ['金现代涨跌 -4.61%，超过2%阈值', '金现代已跌破成本价5%，当前亏损 -23.91%，逼近成本线！', '金风科技涨跌 -3.80%，超过2%阈值', '金风科技已跌破成本价5%，当前亏损 -6.89%，逼近成本线！', '钧达股份涨跌 -4.71%，超过2%阈值', '大盘下跌 -2.96%，超过1%阈值']
[2026-03-23 13:37:10] ⚠️ 触发告警: ['金现代涨跌 -4.88%，超过2%阈值', '金现代已跌破成本价5%，当前亏损 -24.13%，逼近成本线！', '金风科技涨跌 -4.01%，超过2%阈值', '金风科技已跌破成本价5%，当前亏损 -7.09%，逼近成本线！', '钧达股份涨跌 -4.51%，超过2%阈值', '大盘下跌 -2.99%，超过1%阈值']
[2026-03-23 13:39:10] ⚠️ 触发告警: ['金现代涨跌 -4.34%，超过2%阈值', '金现代已跌破成本价5%，当前亏损 -23.70%，逼近成本线！', '金风科技涨跌 -3.70%，超过2%阈值', '金风科技已跌破成本价5%，当前亏损 -6.79%，逼近成本线！', '钧达股份涨跌 -4.58%，超过2%阈值', '大盘下跌 -2.83%，超过1%阈值']
[2026-03-23 13:41:10] ⚠️ 触发告警: ['金现代涨跌 -4.79%，超过2%阈值', '金现代已跌破成本价5%，当前亏损 -24.06%，逼近成本线！', '金风科技涨跌 -4.08%，超过2%阈值', '金风科技已跌破成本价5%，当前亏损 -7.16%，逼近成本线！', '钧达股份涨跌 -5.03%，超过2%阈值', '钧达股份已跌破成本价5%，当前亏损 -5.03%，逼近成本线！', '大盘下跌 -3.12%，超过1%阈值']
[2026-03-23 13:43:10] ⚠️ 触发告警: ['金现代涨跌 -4.61%，超过2%阈值', '金现代已跌破成本价5%，当前亏损 -23.91%，逼近成本线！', '金风科技涨跌 -4.35%，超过2%阈值', '金风科技已跌破成本价5%，当前亏损 -7.42%，逼近成本线！', '钧达股份涨跌 -5.27%，超过2%阈值', '钧达股份已跌破成本价5%，当前亏损 -5.27%，逼近成本线！', '大盘下跌 -3.14%，超过1%阈值']
[2026-03-23 13:45:11] ⚠️ 触发告警: ['金现代涨跌 -5.15%，超过2%阈值', '金现代已跌破成本价5%，当前亏损 -24.35%，逼近成本线！', '金风科技涨跌 -4.45%，超过2%阈值', '金风科技已跌破成本价5%，当前亏损 -7.52%，逼近成本线！', '钧达股份涨跌 -5.36%，超过2%阈值', '钧达股份已跌破成本价5%，当前亏损 -5.36%，逼近成本线！', '大盘下跌 -3.31%，超过1%阈值']
[2026-03-23 13:47:11] ⚠️ 触发告警: ['金现代涨跌 -5.06%，超过2%阈值', '金现代已跌破成本价5%，当前亏损 -24.28%，逼近成本线！', '金风科技涨跌 -4.35%，超过2%阈值', '金风科技已跌破成本价5%，当前亏损 -7.42%，逼近成本线！', '钧达股份涨跌 -5.16%，超过2%阈值', '钧达股份已跌破成本价5%，当前亏损 -5.16%，逼近成本线！', '大盘下跌 -3.20%，超过1%阈值']
[2026-03-23 13:49:11] ⚠️ 触发告警: ['金现代涨跌 -5.15%，超过2%阈值', '金现代已跌破成本价5%，当前亏损 -24.35%，逼近成本线！', '金风科技涨跌 -4.49%，超过2%阈值', '金风科技已跌破成本价5%，当前亏损 -7.56%，逼近成本线！', '钧达股份涨跌 -5.49%，超过2%阈值', '钧达股份已跌破成本价5%，当前亏损 -5.49%，逼近成本线！', '大盘下跌 -3.33%，超过1%阈值']
[2026-03-23 13:49:11] === 30分钟例行播报 ===
[2026-03-23 13:49:11] 📊 [13:49] 持仓快报
- 钧达股份：80.12 -5.49% | 盈亏-5.49%
- 金风科技：27.89 -4.49% | 盈亏-7.56%
- 金现代：10.49 -5.15% | 盈亏-24.35%
- 大盘：上证 3825.43 -3.33%
[2026-03-23 13:51:11] ⚠️ 触发告警: ['金现代涨跌 -5.24%，超过2%阈值', '金现代已跌破成本价5%，当前亏损 -24.42%，逼近成本线！', '金风科技涨跌 -4.59%，超过2%阈值', '金风科技已跌破成本价5%，当前亏损 -7.66%，逼近成本线！', '钧达股份涨跌 -5.41%，超过2%阈值', '钧达股份已跌破成本价5%，当前亏损 -5.41%，逼近成本线！', '大盘下跌 -3.38%，超过1%阈值']
[2026-03-23 13:53:18] ⚠️ 触发告警: ['金现代涨跌 -5.52%，超过2%阈值', '金现代已跌破成本价5%，当前亏损 -24.64%，逼近成本线！', '金风科技涨跌 -4.49%，超过2%阈值', '金风科技已跌破成本价5%，当前亏损 -7.56%，逼近成本线！', '钧达股份涨跌 -5.39%，超过2%阈值', '钧达股份已跌破成本价5%，当前亏损 -5.39%，逼近成本线！', '大盘下跌 -3.46%，超过1%阈值']
[2026-03-23 13:55:18] ⚠️ 触发告警: ['金现代涨跌 -5.33%，超过2%阈值', '金现代已跌破成本价5%，当前亏损 -24.49%，逼近成本线！', '金风科技涨跌 -4.49%，超过2%阈值', '金风科技已跌破成本价5%，当前亏损 -7.56%，逼近成本线！', '钧达股份涨跌 -5.40%，超过2%阈值', '钧达股份已跌破成本价5%，当前亏损 -5.40%，逼近成本线！', '大盘下跌 -3.38%，超过1%阈值']
[2026-03-23 13:57:18] ⚠️ 触发告警: ['金现代涨跌 -5.06%，超过2%阈值', '金现代已跌破成本价5%，当前亏损 -24.28%，逼近成本线！', '金风科技涨跌 -4.14%，超过2%阈值', '金风科技已跌破成本价5%，当前亏损 -7.23%，逼近成本线！', '钧达股份涨跌 -5.33%，超过2%阈值', '钧达股份已跌破成本价5%，当前亏损 -5.33%，逼近成本线！', '大盘下跌 -3.17%，超过1%阈值']
[2026-03-23 13:59:18] ⚠️ 触发告警: ['金现代涨跌 -4.61%，超过2%阈值', '金现代已跌破成本价5%，当前亏损 -23.91%，逼近成本线！', '金风科技涨跌 -3.94%，超过2%阈值', '金风科技已跌破成本价5%，当前亏损 -7.03%，逼近成本线！', '钧达股份涨跌 -5.31%，超过2%阈值', '钧达股份已跌破成本价5%，当前亏损 -5.31%，逼近成本线！', '大盘下跌 -3.02%，超过1%阈值']
[2026-03-23 14:01:19] ⚠️ 触发告警: ['金现代涨跌 -4.97%，超过2%阈值', '金现代已跌破成本价5%，当前亏损 -24.20%，逼近成本线！', '金风科技涨跌 -4.38%，超过2%阈值', '金风科技已跌破成本价5%，当前亏损 -7.46%，逼近成本线！', '钧达股份涨跌 -5.46%，超过2%阈值', '钧达股份已跌破成本价5%，当前亏损 -5.46%，逼近成本线！', '大盘下跌 -3.29%，超过1%阈值']
[2026-03-23 14:03:19] ⚠️ 触发告警: ['金现代涨跌 -5.33%，超过2%阈值', '金现代已跌破成本价5%，当前亏损 -24.49%，逼近成本线！', '金风科技涨跌 -4.55%，超过2%阈值', '金风科技已跌破成本价5%，当前亏损 -7.62%，逼近成本线！', '钧达股份涨跌 -5.60%，超过2%阈值', '钧达股份已跌破成本价5%，当前亏损 -5.60%，逼近成本线！', '大盘下跌 -3.46%，超过1%阈值']
[2026-03-23 14:05:20] ⚠️ 触发告警: ['金现代涨跌 -5.33%，超过2%阈值', '金现代已跌破成本价5%，当前亏损 -24.49%，逼近成本线！', '金风科技涨跌 -4.79%，超过2%阈值', '金风科技已跌破成本价5%，当前亏损 -7.86%，逼近成本线！', '钧达股份涨跌 -6.06%，超过2%阈值', '钧达股份已跌破成本价5%，当前亏损 -6.06%，逼近成本线！', '大盘下跌 -3.57%，超过1%阈值']
[2026-03-23 14:07:30] 数据获取失败，重试...
[2026-03-23 14:09:30] ⚠️ 触发告警: ['金现代涨跌 -5.42%，超过2%阈值', '金现代已跌破成本价5%，当前亏损 -24.56%，逼近成本线！', '金风科技涨跌 -5.31%，超过2%阈值', '金风科技已跌破成本价5%，当前亏损 -8.35%，逼近成本线！', '钧达股份涨跌 -6.08%，超过2%阈值', '钧达股份已跌破成本价5%，当前亏损 -6.08%，逼近成本线！', '大盘下跌 -3.65%，超过1%阈值']
[2026-03-23 14:11:30] ⚠️ 触发告警: ['金现代涨跌 -5.61%，超过2%阈值', '金现代已跌破成本价5%，当前亏损 -24.71%，逼近成本线！', '金风科技涨跌 -5.41%，超过2%阈值', '金风科技已跌破成本价5%，当前亏损 -8.45%，逼近成本线！', '钧达股份涨跌 -6.13%，超过2%阈值', '钧达股份已跌破成本价5%，当前亏损 -6.13%，逼近成本线！', '大盘下跌 -3.73%，超过1%阈值']
[2026-03-23 14:13:30] ⚠️ 触发告警: ['金现代涨跌 -5.88%，超过2%阈值', '金现代已跌破成本价5%，当前亏损 -24.92%，逼近成本线！', '金风科技涨跌 -5.48%，超过2%阈值', '金风科技已跌破成本价5%，当前亏损 -8.52%，逼近成本线！', '钧达股份涨跌 -6.46%，超过2%阈值', '钧达股份已跌破成本价5%，当前亏损 -6.46%，逼近成本线！', '大盘下跌 -3.76%，超过1%阈值']
[2026-03-23 14:15:31] ⚠️ 触发告警: ['金现代涨跌 -5.88%，超过2%阈值', '金现代已跌破成本价5%，当前亏损 -24.92%，逼近成本线！', '金风科技涨跌 -4.69%，超过2%阈值', '金风科技已跌破成本价5%，当前亏损 -7.76%，逼近成本线！', '钧达股份涨跌 -6.02%，超过2%阈值', '钧达股份已跌破成本价5%，当前亏损 -6.02%，逼近成本线！', '大盘下跌 -3.64%，超过1%阈值']
[2026-03-23 14:17:32] ⚠️ 触发告警: ['金现代涨跌 -6.15%，超过2%阈值', '金现代已跌破成本价5%，当前亏损 -25.14%，逼近成本线！', '金风科技涨跌 -5.31%，超过2%阈值', '金风科技已跌破成本价5%，当前亏损 -8.35%，逼近成本线！', '钧达股份涨跌 -6.32%，超过2%阈值', '钧达股份已跌破成本价5%，当前亏损 -6.32%，逼近成本线！', '大盘下跌 -3.82%，超过1%阈值']
[2026-03-23 14:19:32] ⚠️ 触发告警: ['金现代涨跌 -6.06%，超过2%阈值', '金现代已跌破成本价5%，当前亏损 -25.07%，逼近成本线！', '金风科技涨跌 -5.41%，超过2%阈值', '金风科技已跌破成本价5%，当前亏损 -8.45%，逼近成本线！', '钧达股份涨跌 -6.43%，超过2%阈值', '钧达股份已跌破成本价5%，当前亏损 -6.43%，逼近成本线！', '大盘下跌 -3.76%，超过1%阈值']
[2026-03-23 14:19:32] === 30分钟例行播报 ===
[2026-03-23 14:19:32] 📊 [14:19] 持仓快报
- 钧达股份：79.32 -6.43% | 盈亏-6.43%
- 金风科技：27.62 -5.41% | 盈亏-8.45%
- 金现代：10.39 -6.06% | 盈亏-25.07%
- 大盘：上证 3808.42 -3.76%
[2026-03-23 14:21:33] ⚠️ 触发告警: ['金现代涨跌 -6.24%，超过2%阈值', '金现代已跌破成本价5%，当前亏损 -25.21%，逼近成本线！', '金风科技涨跌 -5.41%，超过2%阈值', '金风科技已跌破成本价5%，当前亏损 -8.45%，逼近成本线！', '钧达股份涨跌 -6.52%，超过2%阈值', '钧达股份已跌破成本价5%，当前亏损 -6.52%，逼近成本线！', '大盘下跌 -3.81%，超过1%阈值']
[2026-03-23 14:23:33] ⚠️ 触发告警: ['金现代涨跌 -6.60%，超过2%阈值', '金现代已跌破成本价5%，当前亏损 -25.50%，逼近成本线！', '金风科技涨跌 -5.62%，超过2%阈值', '金风科技已跌破成本价5%，当前亏损 -8.65%，逼近成本线！', '钧达股份涨跌 -7.37%，超过2%阈值', '钧达股份已跌破成本价5%，当前亏损 -7.37%，逼近成本线！', '大盘下跌 -3.95%，超过1%阈值']
[2026-03-23 14:25:33] ⚠️ 触发告警: ['金现代涨跌 -5.52%，超过2%阈值', '金现代已跌破成本价5%，当前亏损 -24.64%，逼近成本线！', '金风科技涨跌 -4.90%，超过2%阈值', '金风科技已跌破成本价5%，当前亏损 -7.95%，逼近成本线！', '钧达股份涨跌 -6.45%，超过2%阈值', '钧达股份已跌破成本价5%，当前亏损 -6.45%，逼近成本线！', '大盘下跌 -3.47%，超过1%阈值']
[2026-03-23 14:27:33] ⚠️ 触发告警: ['金现代涨跌 -4.79%，超过2%阈值', '金现代已跌破成本价5%，当前亏损 -24.06%，逼近成本线！', '金风科技涨跌 -3.77%，超过2%阈值', '金风科技已跌破成本价5%，当前亏损 -6.86%，逼近成本线！', '钧达股份涨跌 -5.41%，超过2%阈值', '钧达股份已跌破成本价5%，当前亏损 -5.41%，逼近成本线！', '大盘下跌 -3.19%，超过1%阈值']
[2026-03-23 14:29:34] ⚠️ 触发告警: ['金现代涨跌 -5.33%，超过2%阈值', '金现代已跌破成本价5%，当前亏损 -24.49%，逼近成本线！', '金风科技涨跌 -4.14%，超过2%阈值', '金风科技已跌破成本价5%，当前亏损 -7.23%，逼近成本线！', '钧达股份涨跌 -6.03%，超过2%阈值', '钧达股份已跌破成本价5%，当前亏损 -6.03%，逼近成本线！', '大盘下跌 -3.46%，超过1%阈值']
[2026-03-23 14:31:35] ⚠️ 触发告警: ['金现代涨跌 -5.70%，超过2%阈值', '金现代已跌破成本价5%，当前亏损 -24.78%，逼近成本线！', '金风科技涨跌 -4.79%，超过2%阈值', '金风科技已跌破成本价5%，当前亏损 -7.86%，逼近成本线！', '钧达股份涨跌 -6.56%，超过2%阈值', '钧达股份已跌破成本价5%，当前亏损 -6.56%，逼近成本线！', '大盘下跌 -3.64%，超过1%阈值']
[2026-03-23 14:33:35] ⚠️ 触发告警: ['金现代涨跌 -5.97%，超过2%阈值', '金现代已跌破成本价5%，当前亏损 -25.00%，逼近成本线！', '金风科技涨跌 -4.79%，超过2%阈值', '金风科技已跌破成本价5%，当前亏损 -7.86%，逼近成本线！', '钧达股份涨跌 -6.82%，超过2%阈值', '钧达股份已跌破成本价5%，当前亏损 -6.82%，逼近成本线！', '大盘下跌 -3.70%，超过1%阈值']
[2026-03-23 14:35:36] ⚠️ 触发告警: ['金现代涨跌 -6.33%，超过2%阈值', '金现代已跌破成本价5%，当前亏损 -25.28%，逼近成本线！', '金风科技涨跌 -5.24%，超过2%阈值', '金风科技已跌破成本价5%，当前亏损 -8.29%，逼近成本线！', '钧达股份涨跌 -7.03%，超过2%阈值', '钧达股份已跌破成本价5%，当前亏损 -7.03%，逼近成本线！', '大盘下跌 -3.85%，超过1%阈值']
[2026-03-23 14:37:36] ⚠️ 触发告警: ['金现代涨跌 -6.24%，超过2%阈值', '金现代已跌破成本价5%，当前亏损 -25.21%，逼近成本线！', '金风科技涨跌 -5.21%，超过2%阈值', '金风科技已跌破成本价5%，当前亏损 -8.25%，逼近成本线！', '钧达股份涨跌 -7.07%，超过2%阈值', '钧达股份已跌破成本价5%，当前亏损 -7.07%，逼近成本线！', '大盘下跌 -3.79%，超过1%阈值']
[2026-03-23 14:39:36] ⚠️ 触发告警: ['金现代涨跌 -6.33%，超过2%阈值', '金现代已跌破成本价5%，当前亏损 -25.28%，逼近成本线！', '金风科技涨跌 -5.24%，超过2%阈值', '金风科技已跌破成本价5%，当前亏损 -8.29%，逼近成本线！', '钧达股份涨跌 -7.23%，超过2%阈值', '钧达股份已跌破成本价5%，当前亏损 -7.23%，逼近成本线！', '大盘下跌 -3.82%，超过1%阈值']
[2026-03-23 14:41:37] ⚠️ 触发告警: ['金现代涨跌 -6.15%，超过2%阈值', '金现代已跌破成本价5%，当前亏损 -25.14%，逼近成本线！', '金风科技涨跌 -5.10%，超过2%阈值', '金风科技已跌破成本价5%，当前亏损 -8.15%，逼近成本线！', '钧达股份涨跌 -6.85%，超过2%阈值', '钧达股份已跌破成本价5%，当前亏损 -6.85%，逼近成本线！', '大盘下跌 -3.67%，超过1%阈值']
[2026-03-23 14:43:37] ⚠️ 触发告警: ['金现代涨跌 -6.60%，超过2%阈值', '金现代已跌破成本价5%，当前亏损 -25.50%，逼近成本线！', '金风科技涨跌 -5.38%，超过2%阈值', '金风科技已跌破成本价5%，当前亏损 -8.42%，逼近成本线！', '钧达股份涨跌 -7.22%，超过2%阈值', '钧达股份已跌破成本价5%，当前亏损 -7.22%，逼近成本线！', '大盘下跌 -3.83%，超过1%阈值']
[2026-03-23 14:45:38] ⚠️ 触发告警: ['金现代涨跌 -6.87%，超过2%阈值', '金现代已跌破成本价5%，当前亏损 -25.72%，逼近成本线！', '金风科技涨跌 -5.48%，超过2%阈值', '金风科技已跌破成本价5%，当前亏损 -8.52%，逼近成本线！', '钧达股份涨跌 -7.31%，超过2%阈值', '钧达股份已跌破成本价5%，当前亏损 -7.31%，逼近成本线！', '大盘下跌 -3.96%，超过1%阈值']
[2026-03-23 14:47:38] ⚠️ 触发告警: ['金现代涨跌 -7.14%，超过2%阈值', '金现代已跌破成本价5%，当前亏损 -25.93%，逼近成本线！', '金风科技涨跌 -5.99%，超过2%阈值', '金风科技已跌破成本价5%，当前亏损 -9.02%，逼近成本线！', '钧达股份涨跌 -7.63%，超过2%阈值', '钧达股份已跌破成本价5%，当前亏损 -7.63%，逼近成本线！', '大盘下跌 -4.10%，超过1%阈值']
[2026-03-23 14:49:38] ⚠️ 触发告警: ['金现代涨跌 -7.23%，超过2%阈值', '金现代已跌破成本价5%，当前亏损 -26.01%，逼近成本线！', '金风科技涨跌 -6.44%，超过2%阈值', '金风科技已跌破成本价5%，当前亏损 -9.45%，逼近成本线！', '钧达股份涨跌 -7.80%，超过2%阈值', '钧达股份已跌破成本价5%，当前亏损 -7.80%，逼近成本线！', '大盘下跌 -4.02%，超过1%阈值']
[2026-03-23 14:49:38] === 30分钟例行播报 ===
[2026-03-23 14:49:38] 📊 [14:49] 持仓快报
- 钧达股份：78.16 -7.80% | 盈亏-7.80%
- 金风科技：27.32 -6.44% | 盈亏-9.45%
- 金现代：10.26 -7.23% | 盈亏-26.01%
- 大盘：上证 3797.83 -4.02%
[2026-03-23 14:51:39] ⚠️ 触发告警: ['金现代涨跌 -6.78%，超过2%阈值', '金现代已跌破成本价5%，当前亏损 -25.65%，逼近成本线！', '金风科技涨跌 -5.99%，超过2%阈值', '金风科技已跌破成本价5%，当前亏损 -9.02%，逼近成本线！', '钧达股份涨跌 -7.54%，超过2%阈值', '钧达股份已跌破成本价5%，当前亏损 -7.54%，逼近成本线！', '大盘下跌 -4.00%，超过1%阈值']
[2026-03-23 14:53:39] ⚠️ 触发告警: ['金现代涨跌 -6.78%，超过2%阈值', '金现代已跌破成本价5%，当前亏损 -25.65%，逼近成本线！', '金风科技涨跌 -6.03%，超过2%阈值', '金风科技已跌破成本价5%，当前亏损 -9.05%，逼近成本线！', '钧达股份涨跌 -7.27%，超过2%阈值', '钧达股份已跌破成本价5%，当前亏损 -7.27%，逼近成本线！', '大盘下跌 -3.92%，超过1%阈值']
[2026-03-23 14:55:39] ⚠️ 触发告警: ['金现代涨跌 -6.60%，超过2%阈值', '金现代已跌破成本价5%，当前亏损 -25.50%，逼近成本线！', '金风科技涨跌 -6.20%，超过2%阈值', '金风科技已跌破成本价5%，当前亏损 -9.21%，逼近成本线！', '钧达股份涨跌 -7.16%，超过2%阈值', '钧达股份已跌破成本价5%，当前亏损 -7.16%，逼近成本线！', '大盘下跌 -3.75%，超过1%阈值']
[2026-03-23 14:57:39] ⚠️ 触发告警: ['金现代涨跌 -6.51%，超过2%阈值', '金现代已跌破成本价5%，当前亏损 -25.43%，逼近成本线！', '金风科技涨跌 -6.16%，超过2%阈值', '金风科技已跌破成本价5%，当前亏损 -9.18%，逼近成本线！', '钧达股份涨跌 -7.42%，超过2%阈值', '钧达股份已跌破成本价5%，当前亏损 -7.42%，逼近成本线！', '大盘下跌 -3.64%，超过1%阈值']
[2026-03-23 14:59:40] ⚠️ 触发告警: ['金现代涨跌 -6.51%，超过2%阈值', '金现代已跌破成本价5%，当前亏损 -25.43%，逼近成本线！', '金风科技涨跌 -6.16%，超过2%阈值', '金风科技已跌破成本价5%，当前亏损 -9.18%，逼近成本线！', '钧达股份涨跌 -7.42%，超过2%阈值', '钧达股份已跌破成本价5%，当前亏损 -7.42%，逼近成本线！', '大盘下跌 -3.64%，超过1%阈值']
[2026-03-23 15:01:50] 数据获取失败，重试...
[2026-03-23 15:03:50] ⚠️ 触发告警: ['金现代涨跌 -6.24%，超过2%阈值', '金现代已跌破成本价5%，当前亏损 -25.21%，逼近成本线！', '金风科技涨跌 -6.13%，超过2%阈值', '金风科技已跌破成本价5%，当前亏损 -9.15%，逼近成本线！', '钧达股份涨跌 -7.34%，超过2%阈值', '钧达股份已跌破成本价5%，当前亏损 -7.34%，逼近成本线！', '大盘下跌 -3.63%，超过1%阈值']
[2026-03-23 15:05:51] ⚠️ 触发告警: ['金现代涨跌 -6.24%，超过2%阈值', '金现代已跌破成本价5%，当前亏损 -25.21%，逼近成本线！', '金风科技涨跌 -6.13%，超过2%阈值', '金风科技已跌破成本价5%，当前亏损 -9.15%，逼近成本线！', '钧达股份涨跌 -7.34%，超过2%阈值', '钧达股份已跌破成本价5%，当前亏损 -7.34%，逼近成本线！', '大盘下跌 -3.63%，超过1%阈值']
[2026-03-23 15:05:51] === 收盘总结 ===
[2026-03-23 15:05:51] 📊 [15:05] 持仓快报
- 钧达股份：78.55 -7.34% | 盈亏-7.34%
- 金风科技：27.41 -6.13% | 盈亏-9.15%
- 金现代：10.37 -6.24% | 盈亏-25.21%
- 大盘：上证 3813.28 -3.63%
[2026-03-23 15:05:51] 监控结束
[2026-03-23 11:18:06] === 股票监控启动 ===
[2026-03-23 11:18:06]   金现代(sz300830) 成本=13.866
[2026-03-23 11:18:06]   金风科技(sz002202) 成本=30.17
[2026-03-23 11:18:06]   钧达股份(sz002865) 成本=84.77
[2026-03-23 11:18:06] 初始数据: {'sz300830': {'name': '金现代', 'cur': 10.78, 'chg': -2.531645569620263, 'pnl': -22.255877686427233, 'cost': 13.866}, 'sz002202': {'name': '金风科技', 'cur': 28.49, 'chg': -2.4315068493150713, 'pnl': -5.568445475638061, 'cost': 30.17}, 'sz002865': {'name': '钧达股份', 'cur': 81.65, 'chg': -3.6805473634540413, 'pnl': -3.6805473634540413, 'cost': 84.77}, 'sh000001': {'name': '上证指数', 'cur': 3870.3, 'chg': -2.192289710769386, 'pnl': None, 'cost': None}}
[2026-03-23 11:20:06] ⚠️ 触发告警: ['金现代涨跌 -2.89%，超过2%阈值', '金现代已跌破成本价5%，当前亏损 -22.54%，逼近成本线！', '金风科技涨跌 -2.47%，超过2%阈值', '金风科技已跌破成本价5%，当前亏损 -5.60%，逼近成本线！', '钧达股份涨跌 -3.75%，超过2%阈值', '大盘下跌 -2.31%，超过1%阈值']
[语音] 金现代涨跌 -2.89%，超过2%阈值 金现代已跌破成本价5%，当前亏损 -22.54%，逼近成本线！ 金风科技涨跌 -2.47%，超过2%阈值 金风科技已跌破成本价5%，当前亏损 -5.60%，逼近成本线！ 钧达股份涨跌 -3.75%，超过2%阈值 大盘下跌 -2.31%，超过1%阈值
[2026-03-23 11:22:06] ⚠️ 触发告警: ['金现代涨跌 -2.62%，超过2%阈值', '金现代已跌破成本价5%，当前亏损 -22.33%，逼近成本线！', '金风科技涨跌 -2.47%，超过2%阈值', '金风科技已跌破成本价5%，当前亏损 -5.60%，逼近成本线！', '钧达股份涨跌 -3.87%，超过2%阈值', '大盘下跌 -2.22%，超过1%阈值']
[语音] 金现代涨跌 -2.62%，超过2%阈值 金现代已跌破成本价5%，当前亏损 -22.33%，逼近成本线！ 金风科技涨跌 -2.47%，超过2%阈值 金风科技已跌破成本价5%，当前亏损 -5.60%，逼近成本线！ 钧达股份涨跌 -3.87%，超过2%阈值 大盘下跌 -2.22%，超过1%阈值
[2026-03-23 11:24:06] ⚠️ 触发告警: ['金现代涨跌 -2.89%，超过2%阈值', '金现代已跌破成本价5%，当前亏损 -22.54%，逼近成本线！', '金风科技涨跌 -2.53%，超过2%阈值', '金风科技已跌破成本价5%，当前亏损 -5.67%，逼近成本线！', '钧达股份涨跌 -4.07%，超过2%阈值', '大盘下跌 -2.33%，超过1%阈值']
[语音] 金现代涨跌 -2.89%，超过2%阈值 金现代已跌破成本价5%，当前亏损 -22.54%，逼近成本线！ 金风科技涨跌 -2.53%，超过2%阈值 金风科技已跌破成本价5%，当前亏损 -5.67%，逼近成本线！ 钧达股份涨跌 -4.07%，超过2%阈值 大盘下跌 -2.33%，超过1%阈值
[2026-03-23 11:26:07] ⚠️ 触发告警: ['金现代涨跌 -2.89%，超过2%阈值', '金现代已跌破成本价5%，当前亏损 -22.54%，逼近成本线！', '金风科技涨跌 -2.50%，超过2%阈值', '金风科技已跌破成本价5%，当前亏损 -5.63%，逼近成本线！', '钧达股份涨跌 -3.65%，超过2%阈值', '大盘下跌 -2.35%，超过1%阈值']
[语音] 金现代涨跌 -2.89%，超过2%阈值 金现代已跌破成本价5%，当前亏损 -22.54%，逼近成本线！ 金风科技涨跌 -2.50%，超过2%阈值 金风科技已跌破成本价5%，当前亏损 -5.63%，逼近成本线！ 钧达股份涨跌 -3.65%，超过2%阈值 大盘下跌 -2.35%，超过1%阈值
[2026-03-23 11:28:07] ⚠️ 触发告警: ['金现代涨跌 -2.98%，超过2%阈值', '金现代已跌破成本价5%，当前亏损 -22.62%，逼近成本线！', '金风科技涨跌 -2.40%，超过2%阈值', '金风科技已跌破成本价5%，当前亏损 -5.54%，逼近成本线！', '钧达股份涨跌 -3.76%，超过2%阈值', '大盘下跌 -2.36%，超过1%阈值']
[语音] 金现代涨跌 -2.98%，超过2%阈值 金现代已跌破成本价5%，当前亏损 -22.62%，逼近成本线！ 金风科技涨跌 -2.40%，超过2%阈值 金风科技已跌破成本价5%，当前亏损 -5.54%，逼近成本线！ 钧达股份涨跌 -3.76%，超过2%阈值 大盘下跌 -2.36%，超过1%阈值
[2026-03-23 11:30:07] ⚠️ 触发告警: ['金现代涨跌 -3.35%，超过2%阈值', '金现代已跌破成本价5%，当前亏损 -22.90%，逼近成本线！', '金风科技涨跌 -2.47%，超过2%阈值', '金风科技已跌破成本价5%，当前亏损 -5.60%，逼近成本线！', '钧达股份涨跌 -3.85%，超过2%阈值', '大盘下跌 -2.50%，超过1%阈值']
[语音] 金现代涨跌 -3.35%，超过2%阈值 金现代已跌破成本价5%，当前亏损 -22.90%，逼近成本线！ 金风科技涨跌 -2.47%，超过2%阈值 金风科技已跌破成本价5%，当前亏损 -5.60%，逼近成本线！ 钧达股份涨跌 -3.85%，超过2%阈值 大盘下跌 -2.50%，超过1%阈值
[2026-03-23 11:32:08] ⚠️ 触发告警: ['金现代涨跌 -3.35%，超过2%阈值', '金现代已跌破成本价5%，当前亏损 -22.90%，逼近成本线！', '金风科技涨跌 -2.47%，超过2%阈值', '金风科技已跌破成本价5%，当前亏损 -5.60%，逼近成本线！', '钧达股份涨跌 -3.85%，超过2%阈值', '大盘下跌 -2.50%，超过1%阈值']
[语音] 金现代涨跌 -3.35%，超过2%阈值 金现代已跌破成本价5%，当前亏损 -22.90%，逼近成本线！ 金风科技涨跌 -2.47%，超过2%阈值 金风科技已跌破成本价5%，当前亏损 -5.60%，逼近成本线！ 钧达股份涨跌 -3.85%，超过2%阈值 大盘下跌 -2.50%，超过1%阈值
[2026-03-23 11:34:08] ⚠️ 触发告警: ['金现代涨跌 -3.35%，超过2%阈值', '金现代已跌破成本价5%，当前亏损 -22.90%，逼近成本线！', '金风科技涨跌 -2.47%，超过2%阈值', '金风科技已跌破成本价5%，当前亏损 -5.60%，逼近成本线！', '钧达股份涨跌 -3.85%，超过2%阈值', '大盘下跌 -2.50%，超过1%阈值']
[语音] 金现代涨跌 -3.35%，超过2%阈值 金现代已跌破成本价5%，当前亏损 -22.90%，逼近成本线！ 金风科技涨跌 -2.47%，超过2%阈值 金风科技已跌破成本价5%，当前亏损 -5.60%，逼近成本线！ 钧达股份涨跌 -3.85%，超过2%阈值 大盘下跌 -2.50%，超过1%阈值
[2026-03-23 11:36:08] ⚠️ 触发告警: ['金现代涨跌 -3.35%，超过2%阈值', '金现代已跌破成本价5%，当前亏损 -22.90%，逼近成本线！', '金风科技涨跌 -2.47%，超过2%阈值', '金风科技已跌破成本价5%，当前亏损 -5.60%，逼近成本线！', '钧达股份涨跌 -3.85%，超过2%阈值', '大盘下跌 -2.50%，超过1%阈值']
[语音] 金现代涨跌 -3.35%，超过2%阈值 金现代已跌破成本价5%，当前亏损 -22.90%，逼近成本线！ 金风科技涨跌 -2.47%，超过2%阈值 金风科技已跌破成本价5%，当前亏损 -5.60%，逼近成本线！ 钧达股份涨跌 -3.85%，超过2%阈值 大盘下跌 -2.50%，超过1%阈值
[2026-03-23 11:38:08] ⚠️ 触发告警: ['金现代涨跌 -3.35%，超过2%阈值', '金现代已跌破成本价5%，当前亏损 -22.90%，逼近成本线！', '金风科技涨跌 -2.47%，超过2%阈值', '金风科技已跌破成本价5%，当前亏损 -5.60%，逼近成本线！', '钧达股份涨跌 -3.85%，超过2%阈值', '大盘下跌 -2.50%，超过1%阈值']
[语音] 金现代涨跌 -3.35%，超过2%阈值 金现代已跌破成本价5%，当前亏损 -22.90%，逼近成本线！ 金风科技涨跌 -2.47%，超过2%阈值 金风科技已跌破成本价5%，当前亏损 -5.60%，逼近成本线！ 钧达股份涨跌 -3.85%，超过2%阈值 大盘下跌 -2.50%，超过1%阈值
[2026-03-23 11:40:11] ⚠️ 触发告警: ['金现代涨跌 -3.35%，超过2%阈值', '金现代已跌破成本价5%，当前亏损 -22.90%，逼近成本线！', '金风科技涨跌 -2.47%，超过2%阈值', '金风科技已跌破成本价5%，当前亏损 -5.60%，逼近成本线！', '钧达股份涨跌 -3.85%，超过2%阈值', '大盘下跌 -2.50%，超过1%阈值']
[语音] 金现代涨跌 -3.35%，超过2%阈值 金现代已跌破成本价5%，当前亏损 -22.90%，逼近成本线！ 金风科技涨跌 -2.47%，超过2%阈值 金风科技已跌破成本价5%，当前亏损 -5.60%，逼近成本线！ 钧达股份涨跌 -3.85%，超过2%阈值 大盘下跌 -2.50%，超过1%阈值
[2026-03-23 11:42:11] ⚠️ 触发告警: ['金现代涨跌 -3.35%，超过2%阈值', '金现代已跌破成本价5%，当前亏损 -22.90%，逼近成本线！', '金风科技涨跌 -2.47%，超过2%阈值', '金风科技已跌破成本价5%，当前亏损 -5.60%，逼近成本线！', '钧达股份涨跌 -3.85%，超过2%阈值', '大盘下跌 -2.50%，超过1%阈值']
[语音] 金现代涨跌 -3.35%，超过2%阈值 金现代已跌破成本价5%，当前亏损 -22.90%，逼近成本线！ 金风科技涨跌 -2.47%，超过2%阈值 金风科技已跌破成本价5%，当前亏损 -5.60%，逼近成本线！ 钧达股份涨跌 -3.85%，超过2%阈值 大盘下跌 -2.50%，超过1%阈值
[2026-03-23 11:44:12] ⚠️ 触发告警: ['金现代涨跌 -3.35%，超过2%阈值', '金现代已跌破成本价5%，当前亏损 -22.90%，逼近成本线！', '金风科技涨跌 -2.47%，超过2%阈值', '金风科技已跌破成本价5%，当前亏损 -5.60%，逼近成本线！', '钧达股份涨跌 -3.85%，超过2%阈值', '大盘下跌 -2.50%，超过1%阈值']
[语音] 金现代涨跌 -3.35%，超过2%阈值 金现代已跌破成本价5%，当前亏损 -22.90%，逼近成本线！ 金风科技涨跌 -2.47%，超过2%阈值 金风科技已跌破成本价5%，当前亏损 -5.60%，逼近成本线！ 钧达股份涨跌 -3.85%，超过2%阈值 大盘下跌 -2.50%，超过1%阈值
[2026-03-23 11:46:13] ⚠️ 触发告警: ['金现代涨跌 -3.35%，超过2%阈值', '金现代已跌破成本价5%，当前亏损 -22.90%，逼近成本线！', '金风科技涨跌 -2.47%，超过2%阈值', '金风科技已跌破成本价5%，当前亏损 -5.60%，逼近成本线！', '钧达股份涨跌 -3.85%，超过2%阈值', '大盘下跌 -2.50%，超过1%阈值']
[语音] 金现代涨跌 -3.35%，超过2%阈值 金现代已跌破成本价5%，当前亏损 -22.90%，逼近成本线！ 金风科技涨跌 -2.47%，超过2%阈值 金风科技已跌破成本价5%，当前亏损 -5.60%，逼近成本线！ 钧达股份涨跌 -3.85%，超过2%阈值 大盘下跌 -2.50%，超过1%阈值
[2026-03-23 11:48:14] ⚠️ 触发告警: ['金现代涨跌 -3.35%，超过2%阈值', '金现代已跌破成本价5%，当前亏损 -22.90%，逼近成本线！', '金风科技涨跌 -2.47%，超过2%阈值', '金风科技已跌破成本价5%，当前亏损 -5.60%，逼近成本线！', '钧达股份涨跌 -3.85%，超过2%阈值', '大盘下跌 -2.50%，超过1%阈值']
[语音] 金现代涨跌 -3.35%，超过2%阈值 金现代已跌破成本价5%，当前亏损 -22.90%，逼近成本线！ 金风科技涨跌 -2.47%，超过2%阈值 金风科技已跌破成本价5%，当前亏损 -5.60%，逼近成本线！ 钧达股份涨跌 -3.85%，超过2%阈值 大盘下跌 -2.50%，超过1%阈值
[2026-03-23 11:48:14] === 30分钟例行播报 ===
[2026-03-23 11:48:14] 📊 [11:48] 持仓快报
- 钧达股份：81.51 -3.85% | 盈亏-3.85%
- 金风科技：28.48 -2.47% | 盈亏-5.60%
- 金现代：10.69 -3.35% | 盈亏-22.90%
- 大盘：上证 3858.18 -2.50%
[语音] 毅哥，30分钟持仓快报，钧达股份跌3.85%，金风科技跌2.47%，金现代跌3.35%，大盘跌2.50%
[2026-03-23 11:50:15] ⚠️ 触发告警: ['金现代涨跌 -3.35%，超过2%阈值', '金现代已跌破成本价5%，当前亏损 -22.90%，逼近成本线！', '金风科技涨跌 -2.47%，超过2%阈值', '金风科技已跌破成本价5%，当前亏损 -5.60%，逼近成本线！', '钧达股份涨跌 -3.85%，超过2%阈值', '大盘下跌 -2.50%，超过1%阈值']
[语音] 金现代涨跌 -3.35%，超过2%阈值 金现代已跌破成本价5%，当前亏损 -22.90%，逼近成本线！ 金风科技涨跌 -2.47%，超过2%阈值 金风科技已跌破成本价5%，当前亏损 -5.60%，逼近成本线！ 钧达股份涨跌 -3.85%，超过2%阈值 大盘下跌 -2.50%，超过1%阈值
[2026-03-23 11:52:16] ⚠️ 触发告警: ['金现代涨跌 -3.35%，超过2%阈值', '金现代已跌破成本价5%，当前亏损 -22.90%，逼近成本线！', '金风科技涨跌 -2.47%，超过2%阈值', '金风科技已跌破成本价5%，当前亏损 -5.60%，逼近成本线！', '钧达股份涨跌 -3.85%，超过2%阈值', '大盘下跌 -2.50%，超过1%阈值']
[语音] 金现代涨跌 -3.35%，超过2%阈值 金现代已跌破成本价5%，当前亏损 -22.90%，逼近成本线！ 金风科技涨跌 -2.47%，超过2%阈值 金风科技已跌破成本价5%，当前亏损 -5.60%，逼近成本线！ 钧达股份涨跌 -3.85%，超过2%阈值 大盘下跌 -2.50%，超过1%阈值
[11:54] 获取数据失败: Command '['curl', '-s', 'https://qt.gtimg.cn/q=sz300830,sz002202,sz002865,sh000001']' timed out after 10 seconds
[2026-03-23 11:54:26] 数据获取失败，重试...
[2026-03-23 11:56:26] ⚠️ 触发告警: ['金现代涨跌 -3.35%，超过2%阈值', '金现代已跌破成本价5%，当前亏损 -22.90%，逼近成本线！', '金风科技涨跌 -2.47%，超过2%阈值', '金风科技已跌破成本价5%，当前亏损 -5.60%，逼近成本线！', '钧达股份涨跌 -3.85%，超过2%阈值', '大盘下跌 -2.50%，超过1%阈值']
[语音] 金现代涨跌 -3.35%，超过2%阈值 金现代已跌破成本价5%，当前亏损 -22.90%，逼近成本线！ 金风科技涨跌 -2.47%，超过2%阈值 金风科技已跌破成本价5%，当前亏损 -5.60%，逼近成本线！ 钧达股份涨跌 -3.85%，超过2%阈值 大盘下跌 -2.50%，超过1%阈值
[2026-03-23 11:58:26] ⚠️ 触发告警: ['金现代涨跌 -3.35%，超过2%阈值', '金现代已跌破成本价5%，当前亏损 -22.90%，逼近成本线！', '金风科技涨跌 -2.47%，超过2%阈值', '金风科技已跌破成本价5%，当前亏损 -5.60%，逼近成本线！', '钧达股份涨跌 -3.85%，超过2%阈值', '大盘下跌 -2.50%，超过1%阈值']
[语音] 金现代涨跌 -3.35%，超过2%阈值 金现代已跌破成本价5%，当前亏损 -22.90%，逼近成本线！ 金风科技涨跌 -2.47%，超过2%阈值 金风科技已跌破成本价5%，当前亏损 -5.60%，逼近成本线！ 钧达股份涨跌 -3.85%，超过2%阈值 大盘下跌 -2.50%，超过1%阈值
[2026-03-23 12:00:27] ⚠️ 触发告警: ['金现代涨跌 -3.35%，超过2%阈值', '金现代已跌破成本价5%，当前亏损 -22.90%，逼近成本线！', '金风科技涨跌 -2.47%，超过2%阈值', '金风科技已跌破成本价5%，当前亏损 -5.60%，逼近成本线！', '钧达股份涨跌 -3.85%，超过2%阈值', '大盘下跌 -2.50%，超过1%阈值']
[语音] 金现代涨跌 -3.35%，超过2%阈值 金现代已跌破成本价5%，当前亏损 -22.90%，逼近成本线！ 金风科技涨跌 -2.47%，超过2%阈值 金风科技已跌破成本价5%，当前亏损 -5.60%，逼近成本线！ 钧达股份涨跌 -3.85%，超过2%阈值 大盘下跌 -2.50%，超过1%阈值
[2026-03-23 12:02:27] ⚠️ 触发告警: ['金现代涨跌 -3.35%，超过2%阈值', '金现代已跌破成本价5%，当前亏损 -22.90%，逼近成本线！', '金风科技涨跌 -2.47%，超过2%阈值', '金风科技已跌破成本价5%，当前亏损 -5.60%，逼近成本线！', '钧达股份涨跌 -3.85%，超过2%阈值', '大盘下跌 -2.50%，超过1%阈值']
[语音] 金现代涨跌 -3.35%，超过2%阈值 金现代已跌破成本价5%，当前亏损 -22.90%，逼近成本线！ 金风科技涨跌 -2.47%，超过2%阈值 金风科技已跌破成本价5%，当前亏损 -5.60%，逼近成本线！ 钧达股份涨跌 -3.85%，超过2%阈值 大盘下跌 -2.50%，超过1%阈值
[2026-03-23 12:04:27] ⚠️ 触发告警: ['金现代涨跌 -3.35%，超过2%阈值', '金现代已跌破成本价5%，当前亏损 -22.90%，逼近成本线！', '金风科技涨跌 -2.47%，超过2%阈值', '金风科技已跌破成本价5%，当前亏损 -5.60%，逼近成本线！', '钧达股份涨跌 -3.85%，超过2%阈值', '大盘下跌 -2.50%，超过1%阈值']
[语音] 金现代涨跌 -3.35%，超过2%阈值 金现代已跌破成本价5%，当前亏损 -22.90%，逼近成本线！ 金风科技涨跌 -2.47%，超过2%阈值 金风科技已跌破成本价5%，当前亏损 -5.60%，逼近成本线！ 钧达股份涨跌 -3.85%，超过2%阈值 大盘下跌 -2.50%，超过1%阈值
[2026-03-23 12:06:27] ⚠️ 触发告警: ['金现代涨跌 -3.35%，超过2%阈值', '金现代已跌破成本价5%，当前亏损 -22.90%，逼近成本线！', '金风科技涨跌 -2.47%，超过2%阈值', '金风科技已跌破成本价5%，当前亏损 -5.60%，逼近成本线！', '钧达股份涨跌 -3.85%，超过2%阈值', '大盘下跌 -2.50%，超过1%阈值']
[语音] 金现代涨跌 -3.35%，超过2%阈值 金现代已跌破成本价5%，当前亏损 -22.90%，逼近成本线！ 金风科技涨跌 -2.47%，超过2%阈值 金风科技已跌破成本价5%，当前亏损 -5.60%，逼近成本线！ 钧达股份涨跌 -3.85%，超过2%阈值 大盘下跌 -2.50%，超过1%阈值
[2026-03-23 12:08:28] ⚠️ 触发告警: ['金现代涨跌 -3.35%，超过2%阈值', '金现代已跌破成本价5%，当前亏损 -22.90%，逼近成本线！', '金风科技涨跌 -2.47%，超过2%阈值', '金风科技已跌破成本价5%，当前亏损 -5.60%，逼近成本线！', '钧达股份涨跌 -3.85%，超过2%阈值', '大盘下跌 -2.50%，超过1%阈值']
[语音] 金现代涨跌 -3.35%，超过2%阈值 金现代已跌破成本价5%，当前亏损 -22.90%，逼近成本线！ 金风科技涨跌 -2.47%，超过2%阈值 金风科技已跌破成本价5%，当前亏损 -5.60%，逼近成本线！ 钧达股份涨跌 -3.85%，超过2%阈值 大盘下跌 -2.50%，超过1%阈值
[2026-03-23 12:10:31] ⚠️ 触发告警: ['金现代涨跌 -3.35%，超过2%阈值', '金现代已跌破成本价5%，当前亏损 -22.90%，逼近成本线！', '金风科技涨跌 -2.47%，超过2%阈值', '金风科技已跌破成本价5%，当前亏损 -5.60%，逼近成本线！', '钧达股份涨跌 -3.85%，超过2%阈值', '大盘下跌 -2.50%，超过1%阈值']
[语音] 金现代涨跌 -3.35%，超过2%阈值 金现代已跌破成本价5%，当前亏损 -22.90%，逼近成本线！ 金风科技涨跌 -2.47%，超过2%阈值 金风科技已跌破成本价5%，当前亏损 -5.60%，逼近成本线！ 钧达股份涨跌 -3.85%，超过2%阈值 大盘下跌 -2.50%，超过1%阈值
[2026-03-23 12:12:31] ⚠️ 触发告警: ['金现代涨跌 -3.35%，超过2%阈值', '金现代已跌破成本价5%，当前亏损 -22.90%，逼近成本线！', '金风科技涨跌 -2.47%，超过2%阈值', '金风科技已跌破成本价5%，当前亏损 -5.60%，逼近成本线！', '钧达股份涨跌 -3.85%，超过2%阈值', '大盘下跌 -2.50%，超过1%阈值']
[语音] 金现代涨跌 -3.35%，超过2%阈值 金现代已跌破成本价5%，当前亏损 -22.90%，逼近成本线！ 金风科技涨跌 -2.47%，超过2%阈值 金风科技已跌破成本价5%，当前亏损 -5.60%，逼近成本线！ 钧达股份涨跌 -3.85%，超过2%阈值 大盘下跌 -2.50%，超过1%阈值
[2026-03-23 12:14:32] ⚠️ 触发告警: ['金现代涨跌 -3.35%，超过2%阈值', '金现代已跌破成本价5%，当前亏损 -22.90%，逼近成本线！', '金风科技涨跌 -2.47%，超过2%阈值', '金风科技已跌破成本价5%，当前亏损 -5.60%，逼近成本线！', '钧达股份涨跌 -3.85%，超过2%阈值', '大盘下跌 -2.50%，超过1%阈值']
[语音] 金现代涨跌 -3.35%，超过2%阈值 金现代已跌破成本价5%，当前亏损 -22.90%，逼近成本线！ 金风科技涨跌 -2.47%，超过2%阈值 金风科技已跌破成本价5%，当前亏损 -5.60%，逼近成本线！ 钧达股份涨跌 -3.85%，超过2%阈值 大盘下跌 -2.50%，超过1%阈值
[2026-03-23 12:16:32] ⚠️ 触发告警: ['金现代涨跌 -3.35%，超过2%阈值', '金现代已跌破成本价5%，当前亏损 -22.90%，逼近成本线！', '金风科技涨跌 -2.47%，超过2%阈值', '金风科技已跌破成本价5%，当前亏损 -5.60%，逼近成本线！', '钧达股份涨跌 -3.85%，超过2%阈值', '大盘下跌 -2.50%，超过1%阈值']
[语音] 金现代涨跌 -3.35%，超过2%阈值 金现代已跌破成本价5%，当前亏损 -22.90%，逼近成本线！ 金风科技涨跌 -2.47%，超过2%阈值 金风科技已跌破成本价5%，当前亏损 -5.60%，逼近成本线！ 钧达股份涨跌 -3.85%，超过2%阈值 大盘下跌 -2.50%，超过1%阈值
[2026-03-23 12:18:32] ⚠️ 触发告警: ['金现代涨跌 -3.35%，超过2%阈值', '金现代已跌破成本价5%，当前亏损 -22.90%，逼近成本线！', '金风科技涨跌 -2.47%，超过2%阈值', '金风科技已跌破成本价5%，当前亏损 -5.60%，逼近成本线！', '钧达股份涨跌 -3.85%，超过2%阈值', '大盘下跌 -2.50%，超过1%阈值']
[语音] 金现代涨跌 -3.35%，超过2%阈值 金现代已跌破成本价5%，当前亏损 -22.90%，逼近成本线！ 金风科技涨跌 -2.47%，超过2%阈值 金风科技已跌破成本价5%，当前亏损 -5.60%，逼近成本线！ 钧达股份涨跌 -3.85%，超过2%阈值 大盘下跌 -2.50%，超过1%阈值
[2026-03-23 12:18:32] === 30分钟例行播报 ===
[2026-03-23 12:18:32] 📊 [12:18] 持仓快报
- 钧达股份：81.51 -3.85% | 盈亏-3.85%
- 金风科技：28.48 -2.47% | 盈亏-5.60%
- 金现代：10.69 -3.35% | 盈亏-22.90%
- 大盘：上证 3858.18 -2.50%
[语音] 毅哥，30分钟持仓快报，钧达股份跌3.85%，金风科技跌2.47%，金现代跌3.35%，大盘跌2.50%
[2026-03-23 12:20:34] ⚠️ 触发告警: ['金现代涨跌 -3.35%，超过2%阈值', '金现代已跌破成本价5%，当前亏损 -22.90%，逼近成本线！', '金风科技涨跌 -2.47%，超过2%阈值', '金风科技已跌破成本价5%，当前亏损 -5.60%，逼近成本线！', '钧达股份涨跌 -3.85%，超过2%阈值', '大盘下跌 -2.50%，超过1%阈值']
[语音] 金现代涨跌 -3.35%，超过2%阈值 金现代已跌破成本价5%，当前亏损 -22.90%，逼近成本线！ 金风科技涨跌 -2.47%，超过2%阈值 金风科技已跌破成本价5%，当前亏损 -5.60%，逼近成本线！ 钧达股份涨跌 -3.85%，超过2%阈值 大盘下跌 -2.50%，超过1%阈值
[2026-03-23 12:22:34] ⚠️ 触发告警: ['金现代涨跌 -3.35%，超过2%阈值', '金现代已跌破成本价5%，当前亏损 -22.90%，逼近成本线！', '金风科技涨跌 -2.47%，超过2%阈值', '金风科技已跌破成本价5%，当前亏损 -5.60%，逼近成本线！', '钧达股份涨跌 -3.85%，超过2%阈值', '大盘下跌 -2.50%，超过1%阈值']
[语音] 金现代涨跌 -3.35%，超过2%阈值 金现代已跌破成本价5%，当前亏损 -22.90%，逼近成本线！ 金风科技涨跌 -2.47%，超过2%阈值 金风科技已跌破成本价5%，当前亏损 -5.60%，逼近成本线！ 钧达股份涨跌 -3.85%，超过2%阈值 大盘下跌 -2.50%，超过1%阈值
[2026-03-23 12:24:34] ⚠️ 触发告警: ['金现代涨跌 -3.35%，超过2%阈值', '金现代已跌破成本价5%，当前亏损 -22.90%，逼近成本线！', '金风科技涨跌 -2.47%，超过2%阈值', '金风科技已跌破成本价5%，当前亏损 -5.60%，逼近成本线！', '钧达股份涨跌 -3.85%，超过2%阈值', '大盘下跌 -2.50%，超过1%阈值']
[语音] 金现代涨跌 -3.35%，超过2%阈值 金现代已跌破成本价5%，当前亏损 -22.90%，逼近成本线！ 金风科技涨跌 -2.47%，超过2%阈值 金风科技已跌破成本价5%，当前亏损 -5.60%，逼近成本线！ 钧达股份涨跌 -3.85%，超过2%阈值 大盘下跌 -2.50%，超过1%阈值
[2026-03-23 12:26:34] ⚠️ 触发告警: ['金现代涨跌 -3.35%，超过2%阈值', '金现代已跌破成本价5%，当前亏损 -22.90%，逼近成本线！', '金风科技涨跌 -2.47%，超过2%阈值', '金风科技已跌破成本价5%，当前亏损 -5.60%，逼近成本线！', '钧达股份涨跌 -3.85%，超过2%阈值', '大盘下跌 -2.50%，超过1%阈值']
[语音] 金现代涨跌 -3.35%，超过2%阈值 金现代已跌破成本价5%，当前亏损 -22.90%，逼近成本线！ 金风科技涨跌 -2.47%，超过2%阈值 金风科技已跌破成本价5%，当前亏损 -5.60%，逼近成本线！ 钧达股份涨跌 -3.85%，超过2%阈值 大盘下跌 -2.50%，超过1%阈值
[2026-03-23 12:28:34] ⚠️ 触发告警: ['金现代涨跌 -3.35%，超过2%阈值', '金现代已跌破成本价5%，当前亏损 -22.90%，逼近成本线！', '金风科技涨跌 -2.47%，超过2%阈值', '金风科技已跌破成本价5%，当前亏损 -5.60%，逼近成本线！', '钧达股份涨跌 -3.85%，超过2%阈值', '大盘下跌 -2.50%，超过1%阈值']
[语音] 金现代涨跌 -3.35%，超过2%阈值 金现代已跌破成本价5%，当前亏损 -22.90%，逼近成本线！ 金风科技涨跌 -2.47%，超过2%阈值 金风科技已跌破成本价5%，当前亏损 -5.60%，逼近成本线！ 钧达股份涨跌 -3.85%，超过2%阈值 大盘下跌 -2.50%，超过1%阈值
[2026-03-23 12:30:35] ⚠️ 触发告警: ['金现代涨跌 -3.35%，超过2%阈值', '金现代已跌破成本价5%，当前亏损 -22.90%，逼近成本线！', '金风科技涨跌 -2.47%，超过2%阈值', '金风科技已跌破成本价5%，当前亏损 -5.60%，逼近成本线！', '钧达股份涨跌 -3.85%，超过2%阈值', '大盘下跌 -2.50%，超过1%阈值']
[语音] 金现代涨跌 -3.35%，超过2%阈值 金现代已跌破成本价5%，当前亏损 -22.90%，逼近成本线！ 金风科技涨跌 -2.47%，超过2%阈值 金风科技已跌破成本价5%，当前亏损 -5.60%，逼近成本线！ 钧达股份涨跌 -3.85%，超过2%阈值 大盘下跌 -2.50%，超过1%阈值
[2026-03-23 12:32:35] ⚠️ 触发告警: ['金现代涨跌 -3.35%，超过2%阈值', '金现代已跌破成本价5%，当前亏损 -22.90%，逼近成本线！', '金风科技涨跌 -2.47%，超过2%阈值', '金风科技已跌破成本价5%，当前亏损 -5.60%，逼近成本线！', '钧达股份涨跌 -3.85%，超过2%阈值', '大盘下跌 -2.50%，超过1%阈值']
[语音] 金现代涨跌 -3.35%，超过2%阈值 金现代已跌破成本价5%，当前亏损 -22.90%，逼近成本线！ 金风科技涨跌 -2.47%，超过2%阈值 金风科技已跌破成本价5%，当前亏损 -5.60%，逼近成本线！ 钧达股份涨跌 -3.85%，超过2%阈值 大盘下跌 -2.50%，超过1%阈值
[2026-03-23 12:34:35] ⚠️ 触发告警: ['金现代涨跌 -3.35%，超过2%阈值', '金现代已跌破成本价5%，当前亏损 -22.90%，逼近成本线！', '金风科技涨跌 -2.47%，超过2%阈值', '金风科技已跌破成本价5%，当前亏损 -5.60%，逼近成本线！', '钧达股份涨跌 -3.85%，超过2%阈值', '大盘下跌 -2.50%，超过1%阈值']
[语音] 金现代涨跌 -3.35%，超过2%阈值 金现代已跌破成本价5%，当前亏损 -22.90%，逼近成本线！ 金风科技涨跌 -2.47%，超过2%阈值 金风科技已跌破成本价5%，当前亏损 -5.60%，逼近成本线！ 钧达股份涨跌 -3.85%，超过2%阈值 大盘下跌 -2.50%，超过1%阈值
[2026-03-23 12:36:36] ⚠️ 触发告警: ['金现代涨跌 -3.35%，超过2%阈值', '金现代已跌破成本价5%，当前亏损 -22.90%，逼近成本线！', '金风科技涨跌 -2.47%，超过2%阈值', '金风科技已跌破成本价5%，当前亏损 -5.60%，逼近成本线！', '钧达股份涨跌 -3.85%，超过2%阈值', '大盘下跌 -2.50%，超过1%阈值']
[语音] 金现代涨跌 -3.35%，超过2%阈值 金现代已跌破成本价5%，当前亏损 -22.90%，逼近成本线！ 金风科技涨跌 -2.47%，超过2%阈值 金风科技已跌破成本价5%，当前亏损 -5.60%，逼近成本线！ 钧达股份涨跌 -3.85%，超过2%阈值 大盘下跌 -2.50%，超过1%阈值
[2026-03-23 12:38:36] ⚠️ 触发告警: ['金现代涨跌 -3.35%，超过2%阈值', '金现代已跌破成本价5%，当前亏损 -22.90%，逼近成本线！', '金风科技涨跌 -2.47%，超过2%阈值', '金风科技已跌破成本价5%，当前亏损 -5.60%，逼近成本线！', '钧达股份涨跌 -3.85%，超过2%阈值', '大盘下跌 -2.50%，超过1%阈值']
[语音] 金现代涨跌 -3.35%，超过2%阈值 金现代已跌破成本价5%，当前亏损 -22.90%，逼近成本线！ 金风科技涨跌 -2.47%，超过2%阈值 金风科技已跌破成本价5%，当前亏损 -5.60%，逼近成本线！ 钧达股份涨跌 -3.85%，超过2%阈值 大盘下跌 -2.50%，超过1%阈值
[2026-03-23 12:40:36] ⚠️ 触发告警: ['金现代涨跌 -3.35%，超过2%阈值', '金现代已跌破成本价5%，当前亏损 -22.90%，逼近成本线！', '金风科技涨跌 -2.47%，超过2%阈值', '金风科技已跌破成本价5%，当前亏损 -5.60%，逼近成本线！', '钧达股份涨跌 -3.85%，超过2%阈值', '大盘下跌 -2.50%，超过1%阈值']
[语音] 金现代涨跌 -3.35%，超过2%阈值 金现代已跌破成本价5%，当前亏损 -22.90%，逼近成本线！ 金风科技涨跌 -2.47%，超过2%阈值 金风科技已跌破成本价5%，当前亏损 -5.60%，逼近成本线！ 钧达股份涨跌 -3.85%，超过2%阈值 大盘下跌 -2.50%，超过1%阈值
[2026-03-23 12:42:36] ⚠️ 触发告警: ['金现代涨跌 -3.35%，超过2%阈值', '金现代已跌破成本价5%，当前亏损 -22.90%，逼近成本线！', '金风科技涨跌 -2.47%，超过2%阈值', '金风科技已跌破成本价5%，当前亏损 -5.60%，逼近成本线！', '钧达股份涨跌 -3.85%，超过2%阈值', '大盘下跌 -2.50%，超过1%阈值']
[语音] 金现代涨跌 -3.35%，超过2%阈值 金现代已跌破成本价5%，当前亏损 -22.90%，逼近成本线！ 金风科技涨跌 -2.47%，超过2%阈值 金风科技已跌破成本价5%，当前亏损 -5.60%，逼近成本线！ 钧达股份涨跌 -3.85%，超过2%阈值 大盘下跌 -2.50%，超过1%阈值
[2026-03-23 12:44:36] ⚠️ 触发告警: ['金现代涨跌 -3.35%，超过2%阈值', '金现代已跌破成本价5%，当前亏损 -22.90%，逼近成本线！', '金风科技涨跌 -2.47%，超过2%阈值', '金风科技已跌破成本价5%，当前亏损 -5.60%，逼近成本线！', '钧达股份涨跌 -3.85%，超过2%阈值', '大盘下跌 -2.50%，超过1%阈值']
[语音] 金现代涨跌 -3.35%，超过2%阈值 金现代已跌破成本价5%，当前亏损 -22.90%，逼近成本线！ 金风科技涨跌 -2.47%，超过2%阈值 金风科技已跌破成本价5%，当前亏损 -5.60%，逼近成本线！ 钧达股份涨跌 -3.85%，超过2%阈值 大盘下跌 -2.50%，超过1%阈值
[12:46] 获取数据失败: Command '['curl', '-s', 'https://qt.gtimg.cn/q=sz300830,sz002202,sz002865,sh000001']' timed out after 10 seconds
[2026-03-23 12:46:46] 数据获取失败，重试...
[2026-03-23 12:48:46] ⚠️ 触发告警: ['金现代涨跌 -3.35%，超过2%阈值', '金现代已跌破成本价5%，当前亏损 -22.90%，逼近成本线！', '金风科技涨跌 -2.47%，超过2%阈值', '金风科技已跌破成本价5%，当前亏损 -5.60%，逼近成本线！', '钧达股份涨跌 -3.85%，超过2%阈值', '大盘下跌 -2.50%，超过1%阈值']
[语音] 金现代涨跌 -3.35%，超过2%阈值 金现代已跌破成本价5%，当前亏损 -22.90%，逼近成本线！ 金风科技涨跌 -2.47%，超过2%阈值 金风科技已跌破成本价5%，当前亏损 -5.60%，逼近成本线！ 钧达股份涨跌 -3.85%，超过2%阈值 大盘下跌 -2.50%，超过1%阈值
[2026-03-23 12:48:46] === 30分钟例行播报 ===
[2026-03-23 12:48:46] 📊 [12:48] 持仓快报
- 钧达股份：81.51 -3.85% | 盈亏-3.85%
- 金风科技：28.48 -2.47% | 盈亏-5.60%
- 金现代：10.69 -3.35% | 盈亏-22.90%
- 大盘：上证 3858.18 -2.50%
[语音] 毅哥，30分钟持仓快报，钧达股份跌3.85%，金风科技跌2.47%，金现代跌3.35%，大盘跌2.50%
[2026-03-23 12:50:47] ⚠️ 触发告警: ['金现代涨跌 -3.35%，超过2%阈值', '金现代已跌破成本价5%，当前亏损 -22.90%，逼近成本线！', '金风科技涨跌 -2.47%，超过2%阈值', '金风科技已跌破成本价5%，当前亏损 -5.60%，逼近成本线！', '钧达股份涨跌 -3.85%，超过2%阈值', '大盘下跌 -2.50%，超过1%阈值']
[语音] 金现代涨跌 -3.35%，超过2%阈值 金现代已跌破成本价5%，当前亏损 -22.90%，逼近成本线！ 金风科技涨跌 -2.47%，超过2%阈值 金风科技已跌破成本价5%，当前亏损 -5.60%，逼近成本线！ 钧达股份涨跌 -3.85%，超过2%阈值 大盘下跌 -2.50%，超过1%阈值
[2026-03-23 12:52:47] ⚠️ 触发告警: ['金现代涨跌 -3.35%，超过2%阈值', '金现代已跌破成本价5%，当前亏损 -22.90%，逼近成本线！', '金风科技涨跌 -2.47%，超过2%阈值', '金风科技已跌破成本价5%，当前亏损 -5.60%，逼近成本线！', '钧达股份涨跌 -3.85%，超过2%阈值', '大盘下跌 -2.50%，超过1%阈值']
[语音] 金现代涨跌 -3.35%，超过2%阈值 金现代已跌破成本价5%，当前亏损 -22.90%，逼近成本线！ 金风科技涨跌 -2.47%，超过2%阈值 金风科技已跌破成本价5%，当前亏损 -5.60%，逼近成本线！ 钧达股份涨跌 -3.85%，超过2%阈值 大盘下跌 -2.50%，超过1%阈值
[2026-03-23 12:54:47] ⚠️ 触发告警: ['金现代涨跌 -3.35%，超过2%阈值', '金现代已跌破成本价5%，当前亏损 -22.90%，逼近成本线！', '金风科技涨跌 -2.47%，超过2%阈值', '金风科技已跌破成本价5%，当前亏损 -5.60%，逼近成本线！', '钧达股份涨跌 -3.85%，超过2%阈值', '大盘下跌 -2.50%，超过1%阈值']
[语音] 金现代涨跌 -3.35%，超过2%阈值 金现代已跌破成本价5%，当前亏损 -22.90%，逼近成本线！ 金风科技涨跌 -2.47%，超过2%阈值 金风科技已跌破成本价5%，当前亏损 -5.60%，逼近成本线！ 钧达股份涨跌 -3.85%，超过2%阈值 大盘下跌 -2.50%，超过1%阈值
[2026-03-23 12:56:47] ⚠️ 触发告警: ['金现代涨跌 -3.35%，超过2%阈值', '金现代已跌破成本价5%，当前亏损 -22.90%，逼近成本线！', '金风科技涨跌 -2.47%，超过2%阈值', '金风科技已跌破成本价5%，当前亏损 -5.60%，逼近成本线！', '钧达股份涨跌 -3.85%，超过2%阈值', '大盘下跌 -2.50%，超过1%阈值']
[语音] 金现代涨跌 -3.35%，超过2%阈值 金现代已跌破成本价5%，当前亏损 -22.90%，逼近成本线！ 金风科技涨跌 -2.47%，超过2%阈值 金风科技已跌破成本价5%，当前亏损 -5.60%，逼近成本线！ 钧达股份涨跌 -3.85%，超过2%阈值 大盘下跌 -2.50%，超过1%阈值
[2026-03-23 12:58:47] ⚠️ 触发告警: ['金现代涨跌 -3.35%，超过2%阈值', '金现代已跌破成本价5%，当前亏损 -22.90%，逼近成本线！', '金风科技涨跌 -2.47%，超过2%阈值', '金风科技已跌破成本价5%，当前亏损 -5.60%，逼近成本线！', '钧达股份涨跌 -3.85%，超过2%阈值', '大盘下跌 -2.50%，超过1%阈值']
[语音] 金现代涨跌 -3.35%，超过2%阈值 金现代已跌破成本价5%，当前亏损 -22.90%，逼近成本线！ 金风科技涨跌 -2.47%，超过2%阈值 金风科技已跌破成本价5%，当前亏损 -5.60%，逼近成本线！ 钧达股份涨跌 -3.85%，超过2%阈值 大盘下跌 -2.50%，超过1%阈值
[13:00] 获取数据失败: Command '['curl', '-s', 'https://qt.gtimg.cn/q=sz300830,sz002202,sz002865,sh000001']' timed out after 10 seconds
[2026-03-23 13:00:57] 数据获取失败，重试...
[2026-03-23 13:02:57] ⚠️ 触发告警: ['金现代涨跌 -2.71%，超过2%阈值', '金现代已跌破成本价5%，当前亏损 -22.40%，逼近成本线！', '金风科技涨跌 -2.50%，超过2%阈值', '金风科技已跌破成本价5%，当前亏损 -5.63%，逼近成本线！', '钧达股份涨跌 -3.95%，超过2%阈值', '大盘下跌 -2.27%，超过1%阈值']
[语音] 金现代涨跌 -2.71%，超过2%阈值 金现代已跌破成本价5%，当前亏损 -22.40%，逼近成本线！ 金风科技涨跌 -2.50%，超过2%阈值 金风科技已跌破成本价5%，当前亏损 -5.63%，逼近成本线！ 钧达股份涨跌 -3.95%，超过2%阈值 大盘下跌 -2.27%，超过1%阈值
[2026-03-23 13:04:58] ⚠️ 触发告警: ['金现代涨跌 -2.80%，超过2%阈值', '金现代已跌破成本价5%，当前亏损 -22.47%，逼近成本线！', '金风科技涨跌 -2.64%，超过2%阈值', '金风科技已跌破成本价5%，当前亏损 -5.77%，逼近成本线！', '钧达股份涨跌 -4.13%，超过2%阈值', '大盘下跌 -2.25%，超过1%阈值']
[语音] 金现代涨跌 -2.80%，超过2%阈值 金现代已跌破成本价5%，当前亏损 -22.47%，逼近成本线！ 金风科技涨跌 -2.64%，超过2%阈值 金风科技已跌破成本价5%，当前亏损 -5.77%，逼近成本线！ 钧达股份涨跌 -4.13%，超过2%阈值 大盘下跌 -2.25%，超过1%阈值
[2026-03-23 13:06:58] ⚠️ 触发告警: ['金现代涨跌 -3.25%，超过2%阈值', '金现代已跌破成本价5%，当前亏损 -22.83%，逼近成本线！', '金风科技涨跌 -3.01%，超过2%阈值', '金风科技已跌破成本价5%，当前亏损 -6.13%，逼近成本线！', '钧达股份涨跌 -4.32%，超过2%阈值', '大盘下跌 -2.33%，超过1%阈值']
[语音] 金现代涨跌 -3.25%，超过2%阈值 金现代已跌破成本价5%，当前亏损 -22.83%，逼近成本线！ 金风科技涨跌 -3.01%，超过2%阈值 金风科技已跌破成本价5%，当前亏损 -6.13%，逼近成本线！ 钧达股份涨跌 -4.32%，超过2%阈值 大盘下跌 -2.33%，超过1%阈值
[2026-03-23 13:08:58] ⚠️ 触发告警: ['金现代涨跌 -3.71%，超过2%阈值', '金现代已跌破成本价5%，当前亏损 -23.19%，逼近成本线！', '金风科技涨跌 -3.49%，超过2%阈值', '金风科技已跌破成本价5%，当前亏损 -6.60%，逼近成本线！', '钧达股份涨跌 -4.68%，超过2%阈值', '大盘下跌 -2.42%，超过1%阈值']
[语音] 金现代涨跌 -3.71%，超过2%阈值 金现代已跌破成本价5%，当前亏损 -23.19%，逼近成本线！ 金风科技涨跌 -3.49%，超过2%阈值 金风科技已跌破成本价5%，当前亏损 -6.60%，逼近成本线！ 钧达股份涨跌 -4.68%，超过2%阈值 大盘下跌 -2.42%，超过1%阈值
[2026-03-23 13:10:58] ⚠️ 触发告警: ['金现代涨跌 -4.25%，超过2%阈值', '金现代已跌破成本价5%，当前亏损 -23.63%，逼近成本线！', '金风科技涨跌 -3.80%，超过2%阈值', '金风科技已跌破成本价5%，当前亏损 -6.89%，逼近成本线！', '钧达股份涨跌 -4.75%，超过2%阈值', '大盘下跌 -2.67%，超过1%阈值']
[语音] 金现代涨跌 -4.25%，超过2%阈值 金现代已跌破成本价5%，当前亏损 -23.63%，逼近成本线！ 金风科技涨跌 -3.80%，超过2%阈值 金风科技已跌破成本价5%，当前亏损 -6.89%，逼近成本线！ 钧达股份涨跌 -4.75%，超过2%阈值 大盘下跌 -2.67%，超过1%阈值
[2026-03-23 13:12:58] ⚠️ 触发告警: ['金现代涨跌 -4.16%，超过2%阈值', '金现代已跌破成本价5%，当前亏损 -23.55%，逼近成本线！', '金风科技涨跌 -3.53%，超过2%阈值', '金风科技已跌破成本价5%，当前亏损 -6.63%，逼近成本线！', '钧达股份涨跌 -4.44%，超过2%阈值', '大盘下跌 -2.64%，超过1%阈值']
[语音] 金现代涨跌 -4.16%，超过2%阈值 金现代已跌破成本价5%，当前亏损 -23.55%，逼近成本线！ 金风科技涨跌 -3.53%，超过2%阈值 金风科技已跌破成本价5%，当前亏损 -6.63%，逼近成本线！ 钧达股份涨跌 -4.44%，超过2%阈值 大盘下跌 -2.64%，超过1%阈值
[2026-03-23 13:14:58] ⚠️ 触发告警: ['金现代涨跌 -3.89%，超过2%阈值', '金现代已跌破成本价5%，当前亏损 -23.34%，逼近成本线！', '金风科技涨跌 -3.66%，超过2%阈值', '金风科技已跌破成本价5%，当前亏损 -6.76%，逼近成本线！', '钧达股份涨跌 -4.28%，超过2%阈值', '大盘下跌 -2.51%，超过1%阈值']
[语音] 金现代涨跌 -3.89%，超过2%阈值 金现代已跌破成本价5%，当前亏损 -23.34%，逼近成本线！ 金风科技涨跌 -3.66%，超过2%阈值 金风科技已跌破成本价5%，当前亏损 -6.76%，逼近成本线！ 钧达股份涨跌 -4.28%，超过2%阈值 大盘下跌 -2.51%，超过1%阈值
[2026-03-23 13:16:59] ⚠️ 触发告警: ['金现代涨跌 -4.34%，超过2%阈值', '金现代已跌破成本价5%，当前亏损 -23.70%，逼近成本线！', '金风科技涨跌 -4.08%，超过2%阈值', '金风科技已跌破成本价5%，当前亏损 -7.16%，逼近成本线！', '钧达股份涨跌 -3.87%，超过2%阈值', '大盘下跌 -2.64%，超过1%阈值']
[语音] 金现代涨跌 -4.34%，超过2%阈值 金现代已跌破成本价5%，当前亏损 -23.70%，逼近成本线！ 金风科技涨跌 -4.08%，超过2%阈值 金风科技已跌破成本价5%，当前亏损 -7.16%，逼近成本线！ 钧达股份涨跌 -3.87%，超过2%阈值 大盘下跌 -2.64%，超过1%阈值
[2026-03-23 13:18:59] ⚠️ 触发告警: ['金现代涨跌 -4.70%，超过2%阈值', '金现代已跌破成本价5%，当前亏损 -23.99%，逼近成本线！', '金风科技涨跌 -4.04%，超过2%阈值', '金风科技已跌破成本价5%，当前亏损 -7.13%，逼近成本线！', '钧达股份涨跌 -4.34%，超过2%阈值', '大盘下跌 -2.71%，超过1%阈值']
[语音] 金现代涨跌 -4.70%，超过2%阈值 金现代已跌破成本价5%，当前亏损 -23.99%，逼近成本线！ 金风科技涨跌 -4.04%，超过2%阈值 金风科技已跌破成本价5%，当前亏损 -7.13%，逼近成本线！ 钧达股份涨跌 -4.34%，超过2%阈值 大盘下跌 -2.71%，超过1%阈值
[2026-03-23 13:18:59] === 30分钟例行播报 ===
[2026-03-23 13:18:59] 📊 [13:18] 持仓快报
- 钧达股份：81.09 -4.34% | 盈亏-4.34%
- 金风科技：28.02 -4.04% | 盈亏-7.13%
- 金现代：10.54 -4.70% | 盈亏-23.99%
- 大盘：上证 3849.64 -2.71%
[语音] 毅哥，30分钟持仓快报，钧达股份跌4.34%，金风科技跌4.04%，金现代跌4.70%，大盘跌2.71%
[2026-03-23 13:20:59] ⚠️ 触发告警: ['金现代涨跌 -4.97%，超过2%阈值', '金现代已跌破成本价5%，当前亏损 -24.20%，逼近成本线！', '金风科技涨跌 -4.45%，超过2%阈值', '金风科技已跌破成本价5%，当前亏损 -7.52%，逼近成本线！', '钧达股份涨跌 -4.57%，超过2%阈值', '大盘下跌 -2.88%，超过1%阈值']
[语音] 金现代涨跌 -4.97%，超过2%阈值 金现代已跌破成本价5%，当前亏损 -24.20%，逼近成本线！ 金风科技涨跌 -4.45%，超过2%阈值 金风科技已跌破成本价5%，当前亏损 -7.52%，逼近成本线！ 钧达股份涨跌 -4.57%，超过2%阈值 大盘下跌 -2.88%，超过1%阈值
[2026-03-23 13:23:01] ⚠️ 触发告警: ['金现代涨跌 -4.70%，超过2%阈值', '金现代已跌破成本价5%，当前亏损 -23.99%，逼近成本线！', '金风科技涨跌 -4.18%，超过2%阈值', '金风科技已跌破成本价5%，当前亏损 -7.26%，逼近成本线！', '钧达股份涨跌 -4.44%，超过2%阈值', '大盘下跌 -2.87%，超过1%阈值']
[语音] 金现代涨跌 -4.70%，超过2%阈值 金现代已跌破成本价5%，当前亏损 -23.99%，逼近成本线！ 金风科技涨跌 -4.18%，超过2%阈值 金风科技已跌破成本价5%，当前亏损 -7.26%，逼近成本线！ 钧达股份涨跌 -4.44%，超过2%阈值 大盘下跌 -2.87%，超过1%阈值
[2026-03-23 13:25:01] ⚠️ 触发告警: ['金现代涨跌 -4.97%，超过2%阈值', '金现代已跌破成本价5%，当前亏损 -24.20%，逼近成本线！', '金风科技涨跌 -3.66%，超过2%阈值', '金风科技已跌破成本价5%，当前亏损 -6.76%，逼近成本线！', '钧达股份涨跌 -4.55%，超过2%阈值', '大盘下跌 -2.96%，超过1%阈值']
[语音] 金现代涨跌 -4.97%，超过2%阈值 金现代已跌破成本价5%，当前亏损 -24.20%，逼近成本线！ 金风科技涨跌 -3.66%，超过2%阈值 金风科技已跌破成本价5%，当前亏损 -6.76%，逼近成本线！ 钧达股份涨跌 -4.55%，超过2%阈值 大盘下跌 -2.96%，超过1%阈值
[2026-03-23 13:27:08] ⚠️ 触发告警: ['金现代涨跌 -4.70%，超过2%阈值', '金现代已跌破成本价5%，当前亏损 -23.99%，逼近成本线！', '金风科技涨跌 -4.21%，超过2%阈值', '金风科技已跌破成本价5%，当前亏损 -7.29%，逼近成本线！', '钧达股份涨跌 -4.60%，超过2%阈值', '大盘下跌 -3.01%，超过1%阈值']
[语音] 金现代涨跌 -4.70%，超过2%阈值 金现代已跌破成本价5%，当前亏损 -23.99%，逼近成本线！ 金风科技涨跌 -4.21%，超过2%阈值 金风科技已跌破成本价5%，当前亏损 -7.29%，逼近成本线！ 钧达股份涨跌 -4.60%，超过2%阈值 大盘下跌 -3.01%，超过1%阈值
[2026-03-23 13:29:09] ⚠️ 触发告警: ['金现代涨跌 -4.88%，超过2%阈值', '金现代已跌破成本价5%，当前亏损 -24.13%，逼近成本线！', '金风科技涨跌 -4.21%，超过2%阈值', '金风科技已跌破成本价5%，当前亏损 -7.29%，逼近成本线！', '钧达股份涨跌 -4.72%，超过2%阈值', '大盘下跌 -3.11%，超过1%阈值']
[语音] 金现代涨跌 -4.88%，超过2%阈值 金现代已跌破成本价5%，当前亏损 -24.13%，逼近成本线！ 金风科技涨跌 -4.21%，超过2%阈值 金风科技已跌破成本价5%，当前亏损 -7.29%，逼近成本线！ 钧达股份涨跌 -4.72%，超过2%阈值 大盘下跌 -3.11%，超过1%阈值
[2026-03-23 13:31:09] ⚠️ 触发告警: ['金现代涨跌 -4.97%，超过2%阈值', '金现代已跌破成本价5%，当前亏损 -24.20%，逼近成本线！', '金风科技涨跌 -4.32%，超过2%阈值', '金风科技已跌破成本价5%，当前亏损 -7.39%，逼近成本线！', '钧达股份涨跌 -4.71%，超过2%阈值', '大盘下跌 -3.14%，超过1%阈值']
[语音] 金现代涨跌 -4.97%，超过2%阈值 金现代已跌破成本价5%，当前亏损 -24.20%，逼近成本线！ 金风科技涨跌 -4.32%，超过2%阈值 金风科技已跌破成本价5%，当前亏损 -7.39%，逼近成本线！ 钧达股份涨跌 -4.71%，超过2%阈值 大盘下跌 -3.14%，超过1%阈值
[2026-03-23 13:33:10] ⚠️ 触发告警: ['金现代涨跌 -5.15%，超过2%阈值', '金现代已跌破成本价5%，当前亏损 -24.35%，逼近成本线！', '金风科技涨跌 -4.21%，超过2%阈值', '金风科技已跌破成本价5%，当前亏损 -7.29%，逼近成本线！', '钧达股份涨跌 -4.78%，超过2%阈值', '大盘下跌 -3.21%，超过1%阈值']
[语音] 金现代涨跌 -5.15%，超过2%阈值 金现代已跌破成本价5%，当前亏损 -24.35%，逼近成本线！ 金风科技涨跌 -4.21%，超过2%阈值 金风科技已跌破成本价5%，当前亏损 -7.29%，逼近成本线！ 钧达股份涨跌 -4.78%，超过2%阈值 大盘下跌 -3.21%，超过1%阈值
[2026-03-23 13:35:10] ⚠️ 触发告警: ['金现代涨跌 -4.61%，超过2%阈值', '金现代已跌破成本价5%，当前亏损 -23.91%，逼近成本线！', '金风科技涨跌 -3.80%，超过2%阈值', '金风科技已跌破成本价5%，当前亏损 -6.89%，逼近成本线！', '钧达股份涨跌 -4.71%，超过2%阈值', '大盘下跌 -2.96%，超过1%阈值']
[语音] 金现代涨跌 -4.61%，超过2%阈值 金现代已跌破成本价5%，当前亏损 -23.91%，逼近成本线！ 金风科技涨跌 -3.80%，超过2%阈值 金风科技已跌破成本价5%，当前亏损 -6.89%，逼近成本线！ 钧达股份涨跌 -4.71%，超过2%阈值 大盘下跌 -2.96%，超过1%阈值
[2026-03-23 13:37:10] ⚠️ 触发告警: ['金现代涨跌 -4.88%，超过2%阈值', '金现代已跌破成本价5%，当前亏损 -24.13%，逼近成本线！', '金风科技涨跌 -4.01%，超过2%阈值', '金风科技已跌破成本价5%，当前亏损 -7.09%，逼近成本线！', '钧达股份涨跌 -4.51%，超过2%阈值', '大盘下跌 -2.99%，超过1%阈值']
[语音] 金现代涨跌 -4.88%，超过2%阈值 金现代已跌破成本价5%，当前亏损 -24.13%，逼近成本线！ 金风科技涨跌 -4.01%，超过2%阈值 金风科技已跌破成本价5%，当前亏损 -7.09%，逼近成本线！ 钧达股份涨跌 -4.51%，超过2%阈值 大盘下跌 -2.99%，超过1%阈值
[2026-03-23 13:39:10] ⚠️ 触发告警: ['金现代涨跌 -4.34%，超过2%阈值', '金现代已跌破成本价5%，当前亏损 -23.70%，逼近成本线！', '金风科技涨跌 -3.70%，超过2%阈值', '金风科技已跌破成本价5%，当前亏损 -6.79%，逼近成本线！', '钧达股份涨跌 -4.58%，超过2%阈值', '大盘下跌 -2.83%，超过1%阈值']
[语音] 金现代涨跌 -4.34%，超过2%阈值 金现代已跌破成本价5%，当前亏损 -23.70%，逼近成本线！ 金风科技涨跌 -3.70%，超过2%阈值 金风科技已跌破成本价5%，当前亏损 -6.79%，逼近成本线！ 钧达股份涨跌 -4.58%，超过2%阈值 大盘下跌 -2.83%，超过1%阈值
[2026-03-23 13:41:10] ⚠️ 触发告警: ['金现代涨跌 -4.79%，超过2%阈值', '金现代已跌破成本价5%，当前亏损 -24.06%，逼近成本线！', '金风科技涨跌 -4.08%，超过2%阈值', '金风科技已跌破成本价5%，当前亏损 -7.16%，逼近成本线！', '钧达股份涨跌 -5.03%，超过2%阈值', '钧达股份已跌破成本价5%，当前亏损 -5.03%，逼近成本线！', '大盘下跌 -3.12%，超过1%阈值']
[语音] 金现代涨跌 -4.79%，超过2%阈值 金现代已跌破成本价5%，当前亏损 -24.06%，逼近成本线！ 金风科技涨跌 -4.08%，超过2%阈值 金风科技已跌破成本价5%，当前亏损 -7.16%，逼近成本线！ 钧达股份涨跌 -5.03%，超过2%阈值 钧达股份已跌破成本价5%，当前亏损 -5.03%，逼近成本线！ 大盘下跌 -3.12%，超过1%阈值
[2026-03-23 13:43:10] ⚠️ 触发告警: ['金现代涨跌 -4.61%，超过2%阈值', '金现代已跌破成本价5%，当前亏损 -23.91%，逼近成本线！', '金风科技涨跌 -4.35%，超过2%阈值', '金风科技已跌破成本价5%，当前亏损 -7.42%，逼近成本线！', '钧达股份涨跌 -5.27%，超过2%阈值', '钧达股份已跌破成本价5%，当前亏损 -5.27%，逼近成本线！', '大盘下跌 -3.14%，超过1%阈值']
[语音] 金现代涨跌 -4.61%，超过2%阈值 金现代已跌破成本价5%，当前亏损 -23.91%，逼近成本线！ 金风科技涨跌 -4.35%，超过2%阈值 金风科技已跌破成本价5%，当前亏损 -7.42%，逼近成本线！ 钧达股份涨跌 -5.27%，超过2%阈值 钧达股份已跌破成本价5%，当前亏损 -5.27%，逼近成本线！ 大盘下跌 -3.14%，超过1%阈值
[2026-03-23 13:45:11] ⚠️ 触发告警: ['金现代涨跌 -5.15%，超过2%阈值', '金现代已跌破成本价5%，当前亏损 -24.35%，逼近成本线！', '金风科技涨跌 -4.45%，超过2%阈值', '金风科技已跌破成本价5%，当前亏损 -7.52%，逼近成本线！', '钧达股份涨跌 -5.36%，超过2%阈值', '钧达股份已跌破成本价5%，当前亏损 -5.36%，逼近成本线！', '大盘下跌 -3.31%，超过1%阈值']
[语音] 金现代涨跌 -5.15%，超过2%阈值 金现代已跌破成本价5%，当前亏损 -24.35%，逼近成本线！ 金风科技涨跌 -4.45%，超过2%阈值 金风科技已跌破成本价5%，当前亏损 -7.52%，逼近成本线！ 钧达股份涨跌 -5.36%，超过2%阈值 钧达股份已跌破成本价5%，当前亏损 -5.36%，逼近成本线！ 大盘下跌 -3.31%，超过1%阈值
[2026-03-23 13:47:11] ⚠️ 触发告警: ['金现代涨跌 -5.06%，超过2%阈值', '金现代已跌破成本价5%，当前亏损 -24.28%，逼近成本线！', '金风科技涨跌 -4.35%，超过2%阈值', '金风科技已跌破成本价5%，当前亏损 -7.42%，逼近成本线！', '钧达股份涨跌 -5.16%，超过2%阈值', '钧达股份已跌破成本价5%，当前亏损 -5.16%，逼近成本线！', '大盘下跌 -3.20%，超过1%阈值']
[语音] 金现代涨跌 -5.06%，超过2%阈值 金现代已跌破成本价5%，当前亏损 -24.28%，逼近成本线！ 金风科技涨跌 -4.35%，超过2%阈值 金风科技已跌破成本价5%，当前亏损 -7.42%，逼近成本线！ 钧达股份涨跌 -5.16%，超过2%阈值 钧达股份已跌破成本价5%，当前亏损 -5.16%，逼近成本线！ 大盘下跌 -3.20%，超过1%阈值
[2026-03-23 13:49:11] ⚠️ 触发告警: ['金现代涨跌 -5.15%，超过2%阈值', '金现代已跌破成本价5%，当前亏损 -24.35%，逼近成本线！', '金风科技涨跌 -4.49%，超过2%阈值', '金风科技已跌破成本价5%，当前亏损 -7.56%，逼近成本线！', '钧达股份涨跌 -5.49%，超过2%阈值', '钧达股份已跌破成本价5%，当前亏损 -5.49%，逼近成本线！', '大盘下跌 -3.33%，超过1%阈值']
[语音] 金现代涨跌 -5.15%，超过2%阈值 金现代已跌破成本价5%，当前亏损 -24.35%，逼近成本线！ 金风科技涨跌 -4.49%，超过2%阈值 金风科技已跌破成本价5%，当前亏损 -7.56%，逼近成本线！ 钧达股份涨跌 -5.49%，超过2%阈值 钧达股份已跌破成本价5%，当前亏损 -5.49%，逼近成本线！ 大盘下跌 -3.33%，超过1%阈值
[2026-03-23 13:49:11] === 30分钟例行播报 ===
[2026-03-23 13:49:11] 📊 [13:49] 持仓快报
- 钧达股份：80.12 -5.49% | 盈亏-5.49%
- 金风科技：27.89 -4.49% | 盈亏-7.56%
- 金现代：10.49 -5.15% | 盈亏-24.35%
- 大盘：上证 3825.43 -3.33%
[语音] 毅哥，30分钟持仓快报，钧达股份跌5.49%，金风科技跌4.49%，金现代跌5.15%，大盘跌3.33%
[2026-03-23 13:51:11] ⚠️ 触发告警: ['金现代涨跌 -5.24%，超过2%阈值', '金现代已跌破成本价5%，当前亏损 -24.42%，逼近成本线！', '金风科技涨跌 -4.59%，超过2%阈值', '金风科技已跌破成本价5%，当前亏损 -7.66%，逼近成本线！', '钧达股份涨跌 -5.41%，超过2%阈值', '钧达股份已跌破成本价5%，当前亏损 -5.41%，逼近成本线！', '大盘下跌 -3.38%，超过1%阈值']
[语音] 金现代涨跌 -5.24%，超过2%阈值 金现代已跌破成本价5%，当前亏损 -24.42%，逼近成本线！ 金风科技涨跌 -4.59%，超过2%阈值 金风科技已跌破成本价5%，当前亏损 -7.66%，逼近成本线！ 钧达股份涨跌 -5.41%，超过2%阈值 钧达股份已跌破成本价5%，当前亏损 -5.41%，逼近成本线！ 大盘下跌 -3.38%，超过1%阈值
[2026-03-23 13:53:18] ⚠️ 触发告警: ['金现代涨跌 -5.52%，超过2%阈值', '金现代已跌破成本价5%，当前亏损 -24.64%，逼近成本线！', '金风科技涨跌 -4.49%，超过2%阈值', '金风科技已跌破成本价5%，当前亏损 -7.56%，逼近成本线！', '钧达股份涨跌 -5.39%，超过2%阈值', '钧达股份已跌破成本价5%，当前亏损 -5.39%，逼近成本线！', '大盘下跌 -3.46%，超过1%阈值']
[语音] 金现代涨跌 -5.52%，超过2%阈值 金现代已跌破成本价5%，当前亏损 -24.64%，逼近成本线！ 金风科技涨跌 -4.49%，超过2%阈值 金风科技已跌破成本价5%，当前亏损 -7.56%，逼近成本线！ 钧达股份涨跌 -5.39%，超过2%阈值 钧达股份已跌破成本价5%，当前亏损 -5.39%，逼近成本线！ 大盘下跌 -3.46%，超过1%阈值
[2026-03-23 13:55:18] ⚠️ 触发告警: ['金现代涨跌 -5.33%，超过2%阈值', '金现代已跌破成本价5%，当前亏损 -24.49%，逼近成本线！', '金风科技涨跌 -4.49%，超过2%阈值', '金风科技已跌破成本价5%，当前亏损 -7.56%，逼近成本线！', '钧达股份涨跌 -5.40%，超过2%阈值', '钧达股份已跌破成本价5%，当前亏损 -5.40%，逼近成本线！', '大盘下跌 -3.38%，超过1%阈值']
[语音] 金现代涨跌 -5.33%，超过2%阈值 金现代已跌破成本价5%，当前亏损 -24.49%，逼近成本线！ 金风科技涨跌 -4.49%，超过2%阈值 金风科技已跌破成本价5%，当前亏损 -7.56%，逼近成本线！ 钧达股份涨跌 -5.40%，超过2%阈值 钧达股份已跌破成本价5%，当前亏损 -5.40%，逼近成本线！ 大盘下跌 -3.38%，超过1%阈值
[2026-03-23 13:57:18] ⚠️ 触发告警: ['金现代涨跌 -5.06%，超过2%阈值', '金现代已跌破成本价5%，当前亏损 -24.28%，逼近成本线！', '金风科技涨跌 -4.14%，超过2%阈值', '金风科技已跌破成本价5%，当前亏损 -7.23%，逼近成本线！', '钧达股份涨跌 -5.33%，超过2%阈值', '钧达股份已跌破成本价5%，当前亏损 -5.33%，逼近成本线！', '大盘下跌 -3.17%，超过1%阈值']
[语音] 金现代涨跌 -5.06%，超过2%阈值 金现代已跌破成本价5%，当前亏损 -24.28%，逼近成本线！ 金风科技涨跌 -4.14%，超过2%阈值 金风科技已跌破成本价5%，当前亏损 -7.23%，逼近成本线！ 钧达股份涨跌 -5.33%，超过2%阈值 钧达股份已跌破成本价5%，当前亏损 -5.33%，逼近成本线！ 大盘下跌 -3.17%，超过1%阈值
[2026-03-23 13:59:18] ⚠️ 触发告警: ['金现代涨跌 -4.61%，超过2%阈值', '金现代已跌破成本价5%，当前亏损 -23.91%，逼近成本线！', '金风科技涨跌 -3.94%，超过2%阈值', '金风科技已跌破成本价5%，当前亏损 -7.03%，逼近成本线！', '钧达股份涨跌 -5.31%，超过2%阈值', '钧达股份已跌破成本价5%，当前亏损 -5.31%，逼近成本线！', '大盘下跌 -3.02%，超过1%阈值']
[语音] 金现代涨跌 -4.61%，超过2%阈值 金现代已跌破成本价5%，当前亏损 -23.91%，逼近成本线！ 金风科技涨跌 -3.94%，超过2%阈值 金风科技已跌破成本价5%，当前亏损 -7.03%，逼近成本线！ 钧达股份涨跌 -5.31%，超过2%阈值 钧达股份已跌破成本价5%，当前亏损 -5.31%，逼近成本线！ 大盘下跌 -3.02%，超过1%阈值
[2026-03-23 14:01:19] ⚠️ 触发告警: ['金现代涨跌 -4.97%，超过2%阈值', '金现代已跌破成本价5%，当前亏损 -24.20%，逼近成本线！', '金风科技涨跌 -4.38%，超过2%阈值', '金风科技已跌破成本价5%，当前亏损 -7.46%，逼近成本线！', '钧达股份涨跌 -5.46%，超过2%阈值', '钧达股份已跌破成本价5%，当前亏损 -5.46%，逼近成本线！', '大盘下跌 -3.29%，超过1%阈值']
[语音] 金现代涨跌 -4.97%，超过2%阈值 金现代已跌破成本价5%，当前亏损 -24.20%，逼近成本线！ 金风科技涨跌 -4.38%，超过2%阈值 金风科技已跌破成本价5%，当前亏损 -7.46%，逼近成本线！ 钧达股份涨跌 -5.46%，超过2%阈值 钧达股份已跌破成本价5%，当前亏损 -5.46%，逼近成本线！ 大盘下跌 -3.29%，超过1%阈值
[2026-03-23 14:03:19] ⚠️ 触发告警: ['金现代涨跌 -5.33%，超过2%阈值', '金现代已跌破成本价5%，当前亏损 -24.49%，逼近成本线！', '金风科技涨跌 -4.55%，超过2%阈值', '金风科技已跌破成本价5%，当前亏损 -7.62%，逼近成本线！', '钧达股份涨跌 -5.60%，超过2%阈值', '钧达股份已跌破成本价5%，当前亏损 -5.60%，逼近成本线！', '大盘下跌 -3.46%，超过1%阈值']
[语音] 金现代涨跌 -5.33%，超过2%阈值 金现代已跌破成本价5%，当前亏损 -24.49%，逼近成本线！ 金风科技涨跌 -4.55%，超过2%阈值 金风科技已跌破成本价5%，当前亏损 -7.62%，逼近成本线！ 钧达股份涨跌 -5.60%，超过2%阈值 钧达股份已跌破成本价5%，当前亏损 -5.60%，逼近成本线！ 大盘下跌 -3.46%，超过1%阈值
[2026-03-23 14:05:20] ⚠️ 触发告警: ['金现代涨跌 -5.33%，超过2%阈值', '金现代已跌破成本价5%，当前亏损 -24.49%，逼近成本线！', '金风科技涨跌 -4.79%，超过2%阈值', '金风科技已跌破成本价5%，当前亏损 -7.86%，逼近成本线！', '钧达股份涨跌 -6.06%，超过2%阈值', '钧达股份已跌破成本价5%，当前亏损 -6.06%，逼近成本线！', '大盘下跌 -3.57%，超过1%阈值']
[语音] 金现代涨跌 -5.33%，超过2%阈值 金现代已跌破成本价5%，当前亏损 -24.49%，逼近成本线！ 金风科技涨跌 -4.79%，超过2%阈值 金风科技已跌破成本价5%，当前亏损 -7.86%，逼近成本线！ 钧达股份涨跌 -6.06%，超过2%阈值 钧达股份已跌破成本价5%，当前亏损 -6.06%，逼近成本线！ 大盘下跌 -3.57%，超过1%阈值
[14:07] 获取数据失败: Command '['curl', '-s', 'https://qt.gtimg.cn/q=sz300830,sz002202,sz002865,sh000001']' timed out after 10 seconds
[2026-03-23 14:07:30] 数据获取失败，重试...
[2026-03-23 14:09:30] ⚠️ 触发告警: ['金现代涨跌 -5.42%，超过2%阈值', '金现代已跌破成本价5%，当前亏损 -24.56%，逼近成本线！', '金风科技涨跌 -5.31%，超过2%阈值', '金风科技已跌破成本价5%，当前亏损 -8.35%，逼近成本线！', '钧达股份涨跌 -6.08%，超过2%阈值', '钧达股份已跌破成本价5%，当前亏损 -6.08%，逼近成本线！', '大盘下跌 -3.65%，超过1%阈值']
[语音] 金现代涨跌 -5.42%，超过2%阈值 金现代已跌破成本价5%，当前亏损 -24.56%，逼近成本线！ 金风科技涨跌 -5.31%，超过2%阈值 金风科技已跌破成本价5%，当前亏损 -8.35%，逼近成本线！ 钧达股份涨跌 -6.08%，超过2%阈值 钧达股份已跌破成本价5%，当前亏损 -6.08%，逼近成本线！ 大盘下跌 -3.65%，超过1%阈值
[2026-03-23 14:11:30] ⚠️ 触发告警: ['金现代涨跌 -5.61%，超过2%阈值', '金现代已跌破成本价5%，当前亏损 -24.71%，逼近成本线！', '金风科技涨跌 -5.41%，超过2%阈值', '金风科技已跌破成本价5%，当前亏损 -8.45%，逼近成本线！', '钧达股份涨跌 -6.13%，超过2%阈值', '钧达股份已跌破成本价5%，当前亏损 -6.13%，逼近成本线！', '大盘下跌 -3.73%，超过1%阈值']
[语音] 金现代涨跌 -5.61%，超过2%阈值 金现代已跌破成本价5%，当前亏损 -24.71%，逼近成本线！ 金风科技涨跌 -5.41%，超过2%阈值 金风科技已跌破成本价5%，当前亏损 -8.45%，逼近成本线！ 钧达股份涨跌 -6.13%，超过2%阈值 钧达股份已跌破成本价5%，当前亏损 -6.13%，逼近成本线！ 大盘下跌 -3.73%，超过1%阈值
[2026-03-23 14:13:30] ⚠️ 触发告警: ['金现代涨跌 -5.88%，超过2%阈值', '金现代已跌破成本价5%，当前亏损 -24.92%，逼近成本线！', '金风科技涨跌 -5.48%，超过2%阈值', '金风科技已跌破成本价5%，当前亏损 -8.52%，逼近成本线！', '钧达股份涨跌 -6.46%，超过2%阈值', '钧达股份已跌破成本价5%，当前亏损 -6.46%，逼近成本线！', '大盘下跌 -3.76%，超过1%阈值']
[语音] 金现代涨跌 -5.88%，超过2%阈值 金现代已跌破成本价5%，当前亏损 -24.92%，逼近成本线！ 金风科技涨跌 -5.48%，超过2%阈值 金风科技已跌破成本价5%，当前亏损 -8.52%，逼近成本线！ 钧达股份涨跌 -6.46%，超过2%阈值 钧达股份已跌破成本价5%，当前亏损 -6.46%，逼近成本线！ 大盘下跌 -3.76%，超过1%阈值
[2026-03-23 14:15:31] ⚠️ 触发告警: ['金现代涨跌 -5.88%，超过2%阈值', '金现代已跌破成本价5%，当前亏损 -24.92%，逼近成本线！', '金风科技涨跌 -4.69%，超过2%阈值', '金风科技已跌破成本价5%，当前亏损 -7.76%，逼近成本线！', '钧达股份涨跌 -6.02%，超过2%阈值', '钧达股份已跌破成本价5%，当前亏损 -6.02%，逼近成本线！', '大盘下跌 -3.64%，超过1%阈值']
[语音] 金现代涨跌 -5.88%，超过2%阈值 金现代已跌破成本价5%，当前亏损 -24.92%，逼近成本线！ 金风科技涨跌 -4.69%，超过2%阈值 金风科技已跌破成本价5%，当前亏损 -7.76%，逼近成本线！ 钧达股份涨跌 -6.02%，超过2%阈值 钧达股份已跌破成本价5%，当前亏损 -6.02%，逼近成本线！ 大盘下跌 -3.64%，超过1%阈值
[2026-03-23 14:17:32] ⚠️ 触发告警: ['金现代涨跌 -6.15%，超过2%阈值', '金现代已跌破成本价5%，当前亏损 -25.14%，逼近成本线！', '金风科技涨跌 -5.31%，超过2%阈值', '金风科技已跌破成本价5%，当前亏损 -8.35%，逼近成本线！', '钧达股份涨跌 -6.32%，超过2%阈值', '钧达股份已跌破成本价5%，当前亏损 -6.32%，逼近成本线！', '大盘下跌 -3.82%，超过1%阈值']
[语音] 金现代涨跌 -6.15%，超过2%阈值 金现代已跌破成本价5%，当前亏损 -25.14%，逼近成本线！ 金风科技涨跌 -5.31%，超过2%阈值 金风科技已跌破成本价5%，当前亏损 -8.35%，逼近成本线！ 钧达股份涨跌 -6.32%，超过2%阈值 钧达股份已跌破成本价5%，当前亏损 -6.32%，逼近成本线！ 大盘下跌 -3.82%，超过1%阈值
[2026-03-23 14:19:32] ⚠️ 触发告警: ['金现代涨跌 -6.06%，超过2%阈值', '金现代已跌破成本价5%，当前亏损 -25.07%，逼近成本线！', '金风科技涨跌 -5.41%，超过2%阈值', '金风科技已跌破成本价5%，当前亏损 -8.45%，逼近成本线！', '钧达股份涨跌 -6.43%，超过2%阈值', '钧达股份已跌破成本价5%，当前亏损 -6.43%，逼近成本线！', '大盘下跌 -3.76%，超过1%阈值']
[语音] 金现代涨跌 -6.06%，超过2%阈值 金现代已跌破成本价5%，当前亏损 -25.07%，逼近成本线！ 金风科技涨跌 -5.41%，超过2%阈值 金风科技已跌破成本价5%，当前亏损 -8.45%，逼近成本线！ 钧达股份涨跌 -6.43%，超过2%阈值 钧达股份已跌破成本价5%，当前亏损 -6.43%，逼近成本线！ 大盘下跌 -3.76%，超过1%阈值
[2026-03-23 14:19:32] === 30分钟例行播报 ===
[2026-03-23 14:19:32] 📊 [14:19] 持仓快报
- 钧达股份：79.32 -6.43% | 盈亏-6.43%
- 金风科技：27.62 -5.41% | 盈亏-8.45%
- 金现代：10.39 -6.06% | 盈亏-25.07%
- 大盘：上证 3808.42 -3.76%
[语音] 毅哥，30分钟持仓快报，钧达股份跌6.43%，金风科技跌5.41%，金现代跌6.06%，大盘跌3.76%
[2026-03-23 14:21:33] ⚠️ 触发告警: ['金现代涨跌 -6.24%，超过2%阈值', '金现代已跌破成本价5%，当前亏损 -25.21%，逼近成本线！', '金风科技涨跌 -5.41%，超过2%阈值', '金风科技已跌破成本价5%，当前亏损 -8.45%，逼近成本线！', '钧达股份涨跌 -6.52%，超过2%阈值', '钧达股份已跌破成本价5%，当前亏损 -6.52%，逼近成本线！', '大盘下跌 -3.81%，超过1%阈值']
[语音] 金现代涨跌 -6.24%，超过2%阈值 金现代已跌破成本价5%，当前亏损 -25.21%，逼近成本线！ 金风科技涨跌 -5.41%，超过2%阈值 金风科技已跌破成本价5%，当前亏损 -8.45%，逼近成本线！ 钧达股份涨跌 -6.52%，超过2%阈值 钧达股份已跌破成本价5%，当前亏损 -6.52%，逼近成本线！ 大盘下跌 -3.81%，超过1%阈值
[2026-03-23 14:23:33] ⚠️ 触发告警: ['金现代涨跌 -6.60%，超过2%阈值', '金现代已跌破成本价5%，当前亏损 -25.50%，逼近成本线！', '金风科技涨跌 -5.62%，超过2%阈值', '金风科技已跌破成本价5%，当前亏损 -8.65%，逼近成本线！', '钧达股份涨跌 -7.37%，超过2%阈值', '钧达股份已跌破成本价5%，当前亏损 -7.37%，逼近成本线！', '大盘下跌 -3.95%，超过1%阈值']
[语音] 金现代涨跌 -6.60%，超过2%阈值 金现代已跌破成本价5%，当前亏损 -25.50%，逼近成本线！ 金风科技涨跌 -5.62%，超过2%阈值 金风科技已跌破成本价5%，当前亏损 -8.65%，逼近成本线！ 钧达股份涨跌 -7.37%，超过2%阈值 钧达股份已跌破成本价5%，当前亏损 -7.37%，逼近成本线！ 大盘下跌 -3.95%，超过1%阈值
[2026-03-23 14:25:33] ⚠️ 触发告警: ['金现代涨跌 -5.52%，超过2%阈值', '金现代已跌破成本价5%，当前亏损 -24.64%，逼近成本线！', '金风科技涨跌 -4.90%，超过2%阈值', '金风科技已跌破成本价5%，当前亏损 -7.95%，逼近成本线！', '钧达股份涨跌 -6.45%，超过2%阈值', '钧达股份已跌破成本价5%，当前亏损 -6.45%，逼近成本线！', '大盘下跌 -3.47%，超过1%阈值']
[语音] 金现代涨跌 -5.52%，超过2%阈值 金现代已跌破成本价5%，当前亏损 -24.64%，逼近成本线！ 金风科技涨跌 -4.90%，超过2%阈值 金风科技已跌破成本价5%，当前亏损 -7.95%，逼近成本线！ 钧达股份涨跌 -6.45%，超过2%阈值 钧达股份已跌破成本价5%，当前亏损 -6.45%，逼近成本线！ 大盘下跌 -3.47%，超过1%阈值
[2026-03-23 14:27:33] ⚠️ 触发告警: ['金现代涨跌 -4.79%，超过2%阈值', '金现代已跌破成本价5%，当前亏损 -24.06%，逼近成本线！', '金风科技涨跌 -3.77%，超过2%阈值', '金风科技已跌破成本价5%，当前亏损 -6.86%，逼近成本线！', '钧达股份涨跌 -5.41%，超过2%阈值', '钧达股份已跌破成本价5%，当前亏损 -5.41%，逼近成本线！', '大盘下跌 -3.19%，超过1%阈值']
[语音] 金现代涨跌 -4.79%，超过2%阈值 金现代已跌破成本价5%，当前亏损 -24.06%，逼近成本线！ 金风科技涨跌 -3.77%，超过2%阈值 金风科技已跌破成本价5%，当前亏损 -6.86%，逼近成本线！ 钧达股份涨跌 -5.41%，超过2%阈值 钧达股份已跌破成本价5%，当前亏损 -5.41%，逼近成本线！ 大盘下跌 -3.19%，超过1%阈值
[2026-03-23 14:29:34] ⚠️ 触发告警: ['金现代涨跌 -5.33%，超过2%阈值', '金现代已跌破成本价5%，当前亏损 -24.49%，逼近成本线！', '金风科技涨跌 -4.14%，超过2%阈值', '金风科技已跌破成本价5%，当前亏损 -7.23%，逼近成本线！', '钧达股份涨跌 -6.03%，超过2%阈值', '钧达股份已跌破成本价5%，当前亏损 -6.03%，逼近成本线！', '大盘下跌 -3.46%，超过1%阈值']
[语音] 金现代涨跌 -5.33%，超过2%阈值 金现代已跌破成本价5%，当前亏损 -24.49%，逼近成本线！ 金风科技涨跌 -4.14%，超过2%阈值 金风科技已跌破成本价5%，当前亏损 -7.23%，逼近成本线！ 钧达股份涨跌 -6.03%，超过2%阈值 钧达股份已跌破成本价5%，当前亏损 -6.03%，逼近成本线！ 大盘下跌 -3.46%，超过1%阈值
[2026-03-23 14:31:35] ⚠️ 触发告警: ['金现代涨跌 -5.70%，超过2%阈值', '金现代已跌破成本价5%，当前亏损 -24.78%，逼近成本线！', '金风科技涨跌 -4.79%，超过2%阈值', '金风科技已跌破成本价5%，当前亏损 -7.86%，逼近成本线！', '钧达股份涨跌 -6.56%，超过2%阈值', '钧达股份已跌破成本价5%，当前亏损 -6.56%，逼近成本线！', '大盘下跌 -3.64%，超过1%阈值']
[语音] 金现代涨跌 -5.70%，超过2%阈值 金现代已跌破成本价5%，当前亏损 -24.78%，逼近成本线！ 金风科技涨跌 -4.79%，超过2%阈值 金风科技已跌破成本价5%，当前亏损 -7.86%，逼近成本线！ 钧达股份涨跌 -6.56%，超过2%阈值 钧达股份已跌破成本价5%，当前亏损 -6.56%，逼近成本线！ 大盘下跌 -3.64%，超过1%阈值
[2026-03-23 14:33:35] ⚠️ 触发告警: ['金现代涨跌 -5.97%，超过2%阈值', '金现代已跌破成本价5%，当前亏损 -25.00%，逼近成本线！', '金风科技涨跌 -4.79%，超过2%阈值', '金风科技已跌破成本价5%，当前亏损 -7.86%，逼近成本线！', '钧达股份涨跌 -6.82%，超过2%阈值', '钧达股份已跌破成本价5%，当前亏损 -6.82%，逼近成本线！', '大盘下跌 -3.70%，超过1%阈值']
[语音] 金现代涨跌 -5.97%，超过2%阈值 金现代已跌破成本价5%，当前亏损 -25.00%，逼近成本线！ 金风科技涨跌 -4.79%，超过2%阈值 金风科技已跌破成本价5%，当前亏损 -7.86%，逼近成本线！ 钧达股份涨跌 -6.82%，超过2%阈值 钧达股份已跌破成本价5%，当前亏损 -6.82%，逼近成本线！ 大盘下跌 -3.70%，超过1%阈值
[2026-03-23 14:35:36] ⚠️ 触发告警: ['金现代涨跌 -6.33%，超过2%阈值', '金现代已跌破成本价5%，当前亏损 -25.28%，逼近成本线！', '金风科技涨跌 -5.24%，超过2%阈值', '金风科技已跌破成本价5%，当前亏损 -8.29%，逼近成本线！', '钧达股份涨跌 -7.03%，超过2%阈值', '钧达股份已跌破成本价5%，当前亏损 -7.03%，逼近成本线！', '大盘下跌 -3.85%，超过1%阈值']
[语音] 金现代涨跌 -6.33%，超过2%阈值 金现代已跌破成本价5%，当前亏损 -25.28%，逼近成本线！ 金风科技涨跌 -5.24%，超过2%阈值 金风科技已跌破成本价5%，当前亏损 -8.29%，逼近成本线！ 钧达股份涨跌 -7.03%，超过2%阈值 钧达股份已跌破成本价5%，当前亏损 -7.03%，逼近成本线！ 大盘下跌 -3.85%，超过1%阈值
[2026-03-23 14:37:36] ⚠️ 触发告警: ['金现代涨跌 -6.24%，超过2%阈值', '金现代已跌破成本价5%，当前亏损 -25.21%，逼近成本线！', '金风科技涨跌 -5.21%，超过2%阈值', '金风科技已跌破成本价5%，当前亏损 -8.25%，逼近成本线！', '钧达股份涨跌 -7.07%，超过2%阈值', '钧达股份已跌破成本价5%，当前亏损 -7.07%，逼近成本线！', '大盘下跌 -3.79%，超过1%阈值']
[语音] 金现代涨跌 -6.24%，超过2%阈值 金现代已跌破成本价5%，当前亏损 -25.21%，逼近成本线！ 金风科技涨跌 -5.21%，超过2%阈值 金风科技已跌破成本价5%，当前亏损 -8.25%，逼近成本线！ 钧达股份涨跌 -7.07%，超过2%阈值 钧达股份已跌破成本价5%，当前亏损 -7.07%，逼近成本线！ 大盘下跌 -3.79%，超过1%阈值
[2026-03-23 14:39:36] ⚠️ 触发告警: ['金现代涨跌 -6.33%，超过2%阈值', '金现代已跌破成本价5%，当前亏损 -25.28%，逼近成本线！', '金风科技涨跌 -5.24%，超过2%阈值', '金风科技已跌破成本价5%，当前亏损 -8.29%，逼近成本线！', '钧达股份涨跌 -7.23%，超过2%阈值', '钧达股份已跌破成本价5%，当前亏损 -7.23%，逼近成本线！', '大盘下跌 -3.82%，超过1%阈值']
[语音] 金现代涨跌 -6.33%，超过2%阈值 金现代已跌破成本价5%，当前亏损 -25.28%，逼近成本线！ 金风科技涨跌 -5.24%，超过2%阈值 金风科技已跌破成本价5%，当前亏损 -8.29%，逼近成本线！ 钧达股份涨跌 -7.23%，超过2%阈值 钧达股份已跌破成本价5%，当前亏损 -7.23%，逼近成本线！ 大盘下跌 -3.82%，超过1%阈值
[2026-03-23 14:41:37] ⚠️ 触发告警: ['金现代涨跌 -6.15%，超过2%阈值', '金现代已跌破成本价5%，当前亏损 -25.14%，逼近成本线！', '金风科技涨跌 -5.10%，超过2%阈值', '金风科技已跌破成本价5%，当前亏损 -8.15%，逼近成本线！', '钧达股份涨跌 -6.85%，超过2%阈值', '钧达股份已跌破成本价5%，当前亏损 -6.85%，逼近成本线！', '大盘下跌 -3.67%，超过1%阈值']
[语音] 金现代涨跌 -6.15%，超过2%阈值 金现代已跌破成本价5%，当前亏损 -25.14%，逼近成本线！ 金风科技涨跌 -5.10%，超过2%阈值 金风科技已跌破成本价5%，当前亏损 -8.15%，逼近成本线！ 钧达股份涨跌 -6.85%，超过2%阈值 钧达股份已跌破成本价5%，当前亏损 -6.85%，逼近成本线！ 大盘下跌 -3.67%，超过1%阈值
[2026-03-23 14:43:37] ⚠️ 触发告警: ['金现代涨跌 -6.60%，超过2%阈值', '金现代已跌破成本价5%，当前亏损 -25.50%，逼近成本线！', '金风科技涨跌 -5.38%，超过2%阈值', '金风科技已跌破成本价5%，当前亏损 -8.42%，逼近成本线！', '钧达股份涨跌 -7.22%，超过2%阈值', '钧达股份已跌破成本价5%，当前亏损 -7.22%，逼近成本线！', '大盘下跌 -3.83%，超过1%阈值']
[语音] 金现代涨跌 -6.60%，超过2%阈值 金现代已跌破成本价5%，当前亏损 -25.50%，逼近成本线！ 金风科技涨跌 -5.38%，超过2%阈值 金风科技已跌破成本价5%，当前亏损 -8.42%，逼近成本线！ 钧达股份涨跌 -7.22%，超过2%阈值 钧达股份已跌破成本价5%，当前亏损 -7.22%，逼近成本线！ 大盘下跌 -3.83%，超过1%阈值
[2026-03-23 14:45:38] ⚠️ 触发告警: ['金现代涨跌 -6.87%，超过2%阈值', '金现代已跌破成本价5%，当前亏损 -25.72%，逼近成本线！', '金风科技涨跌 -5.48%，超过2%阈值', '金风科技已跌破成本价5%，当前亏损 -8.52%，逼近成本线！', '钧达股份涨跌 -7.31%，超过2%阈值', '钧达股份已跌破成本价5%，当前亏损 -7.31%，逼近成本线！', '大盘下跌 -3.96%，超过1%阈值']
[语音] 金现代涨跌 -6.87%，超过2%阈值 金现代已跌破成本价5%，当前亏损 -25.72%，逼近成本线！ 金风科技涨跌 -5.48%，超过2%阈值 金风科技已跌破成本价5%，当前亏损 -8.52%，逼近成本线！ 钧达股份涨跌 -7.31%，超过2%阈值 钧达股份已跌破成本价5%，当前亏损 -7.31%，逼近成本线！ 大盘下跌 -3.96%，超过1%阈值
[2026-03-23 14:47:38] ⚠️ 触发告警: ['金现代涨跌 -7.14%，超过2%阈值', '金现代已跌破成本价5%，当前亏损 -25.93%，逼近成本线！', '金风科技涨跌 -5.99%，超过2%阈值', '金风科技已跌破成本价5%，当前亏损 -9.02%，逼近成本线！', '钧达股份涨跌 -7.63%，超过2%阈值', '钧达股份已跌破成本价5%，当前亏损 -7.63%，逼近成本线！', '大盘下跌 -4.10%，超过1%阈值']
[语音] 金现代涨跌 -7.14%，超过2%阈值 金现代已跌破成本价5%，当前亏损 -25.93%，逼近成本线！ 金风科技涨跌 -5.99%，超过2%阈值 金风科技已跌破成本价5%，当前亏损 -9.02%，逼近成本线！ 钧达股份涨跌 -7.63%，超过2%阈值 钧达股份已跌破成本价5%，当前亏损 -7.63%，逼近成本线！ 大盘下跌 -4.10%，超过1%阈值
[2026-03-23 14:49:38] ⚠️ 触发告警: ['金现代涨跌 -7.23%，超过2%阈值', '金现代已跌破成本价5%，当前亏损 -26.01%，逼近成本线！', '金风科技涨跌 -6.44%，超过2%阈值', '金风科技已跌破成本价5%，当前亏损 -9.45%，逼近成本线！', '钧达股份涨跌 -7.80%，超过2%阈值', '钧达股份已跌破成本价5%，当前亏损 -7.80%，逼近成本线！', '大盘下跌 -4.02%，超过1%阈值']
[语音] 金现代涨跌 -7.23%，超过2%阈值 金现代已跌破成本价5%，当前亏损 -26.01%，逼近成本线！ 金风科技涨跌 -6.44%，超过2%阈值 金风科技已跌破成本价5%，当前亏损 -9.45%，逼近成本线！ 钧达股份涨跌 -7.80%，超过2%阈值 钧达股份已跌破成本价5%，当前亏损 -7.80%，逼近成本线！ 大盘下跌 -4.02%，超过1%阈值
[2026-03-23 14:49:38] === 30分钟例行播报 ===
[2026-03-23 14:49:38] 📊 [14:49] 持仓快报
- 钧达股份：78.16 -7.80% | 盈亏-7.80%
- 金风科技：27.32 -6.44% | 盈亏-9.45%
- 金现代：10.26 -7.23% | 盈亏-26.01%
- 大盘：上证 3797.83 -4.02%
[语音] 毅哥，30分钟持仓快报，钧达股份跌7.80%，金风科技跌6.44%，金现代跌7.23%，大盘跌4.02%
[2026-03-23 14:51:39] ⚠️ 触发告警: ['金现代涨跌 -6.78%，超过2%阈值', '金现代已跌破成本价5%，当前亏损 -25.65%，逼近成本线！', '金风科技涨跌 -5.99%，超过2%阈值', '金风科技已跌破成本价5%，当前亏损 -9.02%，逼近成本线！', '钧达股份涨跌 -7.54%，超过2%阈值', '钧达股份已跌破成本价5%，当前亏损 -7.54%，逼近成本线！', '大盘下跌 -4.00%，超过1%阈值']
[语音] 金现代涨跌 -6.78%，超过2%阈值 金现代已跌破成本价5%，当前亏损 -25.65%，逼近成本线！ 金风科技涨跌 -5.99%，超过2%阈值 金风科技已跌破成本价5%，当前亏损 -9.02%，逼近成本线！ 钧达股份涨跌 -7.54%，超过2%阈值 钧达股份已跌破成本价5%，当前亏损 -7.54%，逼近成本线！ 大盘下跌 -4.00%，超过1%阈值
[2026-03-23 14:53:39] ⚠️ 触发告警: ['金现代涨跌 -6.78%，超过2%阈值', '金现代已跌破成本价5%，当前亏损 -25.65%，逼近成本线！', '金风科技涨跌 -6.03%，超过2%阈值', '金风科技已跌破成本价5%，当前亏损 -9.05%，逼近成本线！', '钧达股份涨跌 -7.27%，超过2%阈值', '钧达股份已跌破成本价5%，当前亏损 -7.27%，逼近成本线！', '大盘下跌 -3.92%，超过1%阈值']
[语音] 金现代涨跌 -6.78%，超过2%阈值 金现代已跌破成本价5%，当前亏损 -25.65%，逼近成本线！ 金风科技涨跌 -6.03%，超过2%阈值 金风科技已跌破成本价5%，当前亏损 -9.05%，逼近成本线！ 钧达股份涨跌 -7.27%，超过2%阈值 钧达股份已跌破成本价5%，当前亏损 -7.27%，逼近成本线！ 大盘下跌 -3.92%，超过1%阈值
[2026-03-23 14:55:39] ⚠️ 触发告警: ['金现代涨跌 -6.60%，超过2%阈值', '金现代已跌破成本价5%，当前亏损 -25.50%，逼近成本线！', '金风科技涨跌 -6.20%，超过2%阈值', '金风科技已跌破成本价5%，当前亏损 -9.21%，逼近成本线！', '钧达股份涨跌 -7.16%，超过2%阈值', '钧达股份已跌破成本价5%，当前亏损 -7.16%，逼近成本线！', '大盘下跌 -3.75%，超过1%阈值']
[语音] 金现代涨跌 -6.60%，超过2%阈值 金现代已跌破成本价5%，当前亏损 -25.50%，逼近成本线！ 金风科技涨跌 -6.20%，超过2%阈值 金风科技已跌破成本价5%，当前亏损 -9.21%，逼近成本线！ 钧达股份涨跌 -7.16%，超过2%阈值 钧达股份已跌破成本价5%，当前亏损 -7.16%，逼近成本线！ 大盘下跌 -3.75%，超过1%阈值
[2026-03-23 14:57:39] ⚠️ 触发告警: ['金现代涨跌 -6.51%，超过2%阈值', '金现代已跌破成本价5%，当前亏损 -25.43%，逼近成本线！', '金风科技涨跌 -6.16%，超过2%阈值', '金风科技已跌破成本价5%，当前亏损 -9.18%，逼近成本线！', '钧达股份涨跌 -7.42%，超过2%阈值', '钧达股份已跌破成本价5%，当前亏损 -7.42%，逼近成本线！', '大盘下跌 -3.64%，超过1%阈值']
[语音] 金现代涨跌 -6.51%，超过2%阈值 金现代已跌破成本价5%，当前亏损 -25.43%，逼近成本线！ 金风科技涨跌 -6.16%，超过2%阈值 金风科技已跌破成本价5%，当前亏损 -9.18%，逼近成本线！ 钧达股份涨跌 -7.42%，超过2%阈值 钧达股份已跌破成本价5%，当前亏损 -7.42%，逼近成本线！ 大盘下跌 -3.64%，超过1%阈值
[2026-03-23 14:59:40] ⚠️ 触发告警: ['金现代涨跌 -6.51%，超过2%阈值', '金现代已跌破成本价5%，当前亏损 -25.43%，逼近成本线！', '金风科技涨跌 -6.16%，超过2%阈值', '金风科技已跌破成本价5%，当前亏损 -9.18%，逼近成本线！', '钧达股份涨跌 -7.42%，超过2%阈值', '钧达股份已跌破成本价5%，当前亏损 -7.42%，逼近成本线！', '大盘下跌 -3.64%，超过1%阈值']
[语音] 金现代涨跌 -6.51%，超过2%阈值 金现代已跌破成本价5%，当前亏损 -25.43%，逼近成本线！ 金风科技涨跌 -6.16%，超过2%阈值 金风科技已跌破成本价5%，当前亏损 -9.18%，逼近成本线！ 钧达股份涨跌 -7.42%，超过2%阈值 钧达股份已跌破成本价5%，当前亏损 -7.42%，逼近成本线！ 大盘下跌 -3.64%，超过1%阈值
[15:01] 获取数据失败: Command '['curl', '-s', 'https://qt.gtimg.cn/q=sz300830,sz002202,sz002865,sh000001']' timed out after 10 seconds
[2026-03-23 15:01:50] 数据获取失败，重试...
[2026-03-23 15:03:50] ⚠️ 触发告警: ['金现代涨跌 -6.24%，超过2%阈值', '金现代已跌破成本价5%，当前亏损 -25.21%，逼近成本线！', '金风科技涨跌 -6.13%，超过2%阈值', '金风科技已跌破成本价5%，当前亏损 -9.15%，逼近成本线！', '钧达股份涨跌 -7.34%，超过2%阈值', '钧达股份已跌破成本价5%，当前亏损 -7.34%，逼近成本线！', '大盘下跌 -3.63%，超过1%阈值']
[语音] 金现代涨跌 -6.24%，超过2%阈值 金现代已跌破成本价5%，当前亏损 -25.21%，逼近成本线！ 金风科技涨跌 -6.13%，超过2%阈值 金风科技已跌破成本价5%，当前亏损 -9.15%，逼近成本线！ 钧达股份涨跌 -7.34%，超过2%阈值 钧达股份已跌破成本价5%，当前亏损 -7.34%，逼近成本线！ 大盘下跌 -3.63%，超过1%阈值
[2026-03-23 15:05:51] ⚠️ 触发告警: ['金现代涨跌 -6.24%，超过2%阈值', '金现代已跌破成本价5%，当前亏损 -25.21%，逼近成本线！', '金风科技涨跌 -6.13%，超过2%阈值', '金风科技已跌破成本价5%，当前亏损 -9.15%，逼近成本线！', '钧达股份涨跌 -7.34%，超过2%阈值', '钧达股份已跌破成本价5%，当前亏损 -7.34%，逼近成本线！', '大盘下跌 -3.63%，超过1%阈值']
[语音] 金现代涨跌 -6.24%，超过2%阈值 金现代已跌破成本价5%，当前亏损 -25.21%，逼近成本线！ 金风科技涨跌 -6.13%，超过2%阈值 金风科技已跌破成本价5%，当前亏损 -9.15%，逼近成本线！ 钧达股份涨跌 -7.34%，超过2%阈值 钧达股份已跌破成本价5%，当前亏损 -7.34%，逼近成本线！ 大盘下跌 -3.63%，超过1%阈值
[2026-03-23 15:05:51] === 收盘总结 ===
[2026-03-23 15:05:51] 📊 [15:05] 持仓快报
- 钧达股份：78.55 -7.34% | 盈亏-7.34%
- 金风科技：27.41 -6.13% | 盈亏-9.15%
- 金现代：10.37 -6.24% | 盈亏-25.21%
- 大盘：上证 3813.28 -3.63%
[语音] 毅哥，今日收盘总结，📊 [15:05] 持仓快报，- 钧达股份：78.55 -7.34% | 盈亏-7.34%，- 金风科技：27.41 -6.13% | 盈亏-9.15%，- 金现代：10.37 -6.24% | 盈亏-25.21%，- 大盘：上证 3813.28 -3.63%
[2026-03-23 15:05:51] 监控结束
